
--- TEST PSYNC PRINT STAT ---

stat: 1 64 21 2 25
stat: 1 64 21 2.4375 50
stat: 1 64 21 1 75
stat: 2 64 21 2 25
stat: 2 64 21 1 50
stat: 2 64 21 1 75
stat: 3 64 21 2 25
stat: 3 64 21 3 50
stat: 3 64 21 1 75
stat: 4 64 21 2 25
stat: 4 64 21 3 50
stat: 4 64 21 1 75
stat: 5 64 21 2 25
stat: 5 64 21 2.59375 50
stat: 5 64 21 1 75
stat: 6 64 21 2 25
stat: 6 64 21 3 50
stat: 6 64 21 1 75
stat: 7 64 21 2 25
stat: 7 64 21 1 50
stat: 7 64 21 1 75
stat: 8 64 21 2 25
stat: 8 64 21 3 50
stat: 8 64 21 1 75
stat: 9 64 21 2 25
stat: 9 64 21 2.375 50
stat: 9 64 21 1 75
stat: 10 64 21 2 25
stat: 10 64 21 2.625 50
stat: 10 64 21 1 75
stat: 11 64 21 2 25
stat: 11 64 21 2.625 50
stat: 11 64 21 1 75
stat: 12 64 21 2 25
stat: 12 64 21 2.75 50
stat: 12 64 21 1 75
stat: 13 64 21 2 25
stat: 13 64 21 2.5625 50
stat: 13 64 21 1 75
stat: 14 64 21 2 25
stat: 14 64 21 3 50
stat: 14 64 21 1 75
stat: 15 64 21 2 25
stat: 15 64 21 2.625 50
stat: 15 64 21 1 75
stat: 16 64 21 2 25
stat: 16 64 21 2.3125 50
stat: 16 64 21 1 75
stat: 17 64 21 2 25
stat: 17 64 21 3 50
stat: 17 64 21 1 75
stat: 18 64 21 2 25
stat: 18 64 21 2.40625 50
stat: 18 64 21 1 75
stat: 19 64 21 2 25
stat: 19 64 21 2.40625 50
stat: 19 64 21 1 75
stat: 20 64 21 2 25
stat: 20 64 21 1 50
stat: 20 64 21 1 75
stat: 21 64 21 2 25
stat: 21 64 21 2.4375 50
stat: 21 64 21 1 75
stat: 22 64 21 2 25
stat: 22 64 21 2.90625 50
stat: 22 64 21 1 75
stat: 23 64 21 2 25
stat: 23 64 21 2.59375 50
stat: 23 64 21 1 75
stat: 24 64 21 2 25
stat: 24 64 21 3 50
stat: 24 64 21 1 75
stat: 25 64 21 2 25
stat: 25 64 21 2.5625 50
stat: 25 64 21 1 75
stat: 26 64 21 2 25
stat: 26 64 21 3 50
stat: 26 64 21 1 75
stat: 27 64 21 2 25
stat: 27 64 21 2.4375 50
stat: 27 64 21 1 75
stat: 28 64 21 2 25
stat: 28 64 21 3 50
stat: 28 64 21 1 75
stat: 29 64 21 2 25
stat: 29 64 21 2.96875 50
stat: 29 64 21 1 75
stat: 30 64 21 2 25
stat: 30 64 21 2.4375 50
stat: 30 64 21 1 75
stat: 31 64 21 2 25
stat: 31 64 21 3 50
stat: 31 64 21 1 75
stat: 32 64 21 2 25
stat: 32 64 21 2.4375 50
stat: 32 64 21 1 75
stat: 33 64 21 2 25
stat: 33 64 21 2.5625 50
stat: 33 64 21 1 75
stat: 34 64 21 2 25
stat: 34 64 21 2.6875 50
stat: 34 64 21 1 75
stat: 35 64 21 2 25
stat: 35 64 21 2.59375 50
stat: 35 64 21 1 75
stat: 36 64 21 2 25
stat: 36 64 21 3 50
stat: 36 64 21 1 75
stat: 37 64 21 2 25
stat: 37 64 21 2.53125 50
stat: 37 64 21 1 75
stat: 38 64 21 2 25
stat: 38 64 21 3 50
stat: 38 64 21 1 75
stat: 39 64 21 2 25
stat: 39 64 21 2.28125 50
stat: 39 64 21 1 75
stat: 40 64 21 2 25
stat: 40 64 21 3 50
stat: 40 64 21 1 75
stat: 41 64 21 2 25
stat: 41 64 21 2.78125 50
stat: 41 64 21 1 75
stat: 42 64 21 2 25
stat: 42 64 21 2.53125 50
stat: 42 64 21 1 75
stat: 43 64 21 2 25
stat: 43 64 21 3 50
stat: 43 64 21 1 75
stat: 44 64 21 2 25
stat: 44 64 21 2.375 50
stat: 44 64 21 1 75
stat: 45 64 21 2 25
stat: 45 64 21 2.59375 50
stat: 45 64 21 1 75
stat: 46 64 21 2 25
stat: 46 64 21 2.5 50
stat: 46 64 21 1 75
stat: 47 64 21 2 25
stat: 47 64 21 2.25 50
stat: 47 64 21 1 75
stat: 48 64 21 2 25
stat: 48 64 21 2.46875 50
stat: 48 64 21 1 75
stat: 49 64 21 2 25
stat: 49 64 21 3 50
stat: 49 64 21 1 75
stat: 50 64 21 2 25
stat: 50 64 21 2.34375 50
stat: 50 64 21 1 75
stat: 51 64 21 2 25
stat: 51 64 21 2.3125 50
stat: 51 64 21 1 75
stat: 52 64 21 2 25
stat: 52 64 21 2.59375 50
stat: 52 64 21 1 75
stat: 53 64 21 2 25
stat: 53 64 21 3 50
stat: 53 64 21 1 75
stat: 54 64 21 2 25
stat: 54 64 21 1 50
stat: 54 64 21 1 75
stat: 55 64 21 2 25
stat: 55 64 21 3 50
stat: 55 64 21 1 75
stat: 56 64 21 2 25
stat: 56 64 21 1 50
stat: 56 64 21 1 75
stat: 57 64 21 2 25
stat: 57 64 21 3 50
stat: 57 64 21 1 75
stat: 58 64 21 2 25
stat: 58 64 21 3 50
stat: 58 64 21 1 75
stat: 59 64 21 2 25
stat: 59 64 21 3 50
stat: 59 64 21 1 75
stat: 60 64 21 2 25
stat: 60 64 21 3 50
stat: 60 64 21 1 75
stat: 61 64 21 2 25
stat: 61 64 21 2.65625 50
stat: 61 64 21 1 75
stat: 62 64 21 2 25
stat: 62 64 21 3 50
stat: 62 64 21 1 75
stat: 63 64 21 2 25
stat: 63 64 21 2.46875 50
stat: 63 64 21 1 75
stat: 64 64 21 2 25
stat: 64 64 21 3 50
stat: 64 64 21 1 75
stat: 65 64 21 2 25
stat: 65 64 21 1 50
stat: 65 64 21 1 75
stat: 66 64 21 2 25
stat: 66 64 21 3 50
stat: 66 64 21 1 75
stat: 67 64 21 2 25
stat: 67 64 21 2.59375 50
stat: 67 64 21 1 75
stat: 68 64 21 2 25
stat: 68 64 21 2.5 50
stat: 68 64 21 1 75
stat: 69 64 21 2 25
stat: 69 64 21 1 50
stat: 69 64 21 1 75
stat: 70 64 21 2 25
stat: 70 64 21 3 50
stat: 70 64 21 1 75
stat: 71 64 21 2 25
stat: 71 64 21 2.5625 50
stat: 71 64 21 1 75
stat: 72 64 21 2 25
stat: 72 64 21 2.375 50
stat: 72 64 21 1 75
stat: 73 64 21 2 25
stat: 73 64 21 3 50
stat: 73 64 21 1 75
stat: 74 64 21 2 25
stat: 74 64 21 3 50
stat: 74 64 21 1 75
stat: 75 64 21 2 25
stat: 75 64 21 2.46875 50
stat: 75 64 21 1 75
stat: 76 64 21 2 25
stat: 76 64 21 2.53125 50
stat: 76 64 21 1 75
stat: 77 64 21 2 25
stat: 77 64 21 3 50
stat: 77 64 21 1 75
stat: 78 64 21 2 25
stat: 78 64 21 3 50
stat: 78 64 21 1 75
stat: 79 64 21 2 25
stat: 79 64 21 2.5 50
stat: 79 64 21 1 75
stat: 80 64 21 2 25
stat: 80 64 21 2.59375 50
stat: 80 64 21 1 75
stat: 81 64 21 2 25
stat: 81 64 21 2.5 50
stat: 81 64 21 1 75
stat: 82 64 21 2 25
stat: 82 64 21 3 50
stat: 82 64 21 1 75
stat: 83 64 21 2 25
stat: 83 64 21 1 50
stat: 83 64 21 1 75
stat: 84 64 21 2 25
stat: 84 64 21 2.375 50
stat: 84 64 21 1 75
stat: 85 64 21 2 25
stat: 85 64 21 2.65625 50
stat: 85 64 21 1 75
stat: 86 64 21 2 25
stat: 86 64 21 3 50
stat: 86 64 21 1 75
stat: 87 64 21 2 25
stat: 87 64 21 3 50
stat: 87 64 21 1 75
stat: 88 64 21 2 25
stat: 88 64 21 1 50
stat: 88 64 21 1 75
stat: 89 64 21 2 25
stat: 89 64 21 2 50
stat: 89 64 21 1 75
stat: 90 64 21 2 25
stat: 90 64 21 1 50
stat: 90 64 21 1 75
stat: 91 64 21 2 25
stat: 91 64 21 2.78125 50
stat: 91 64 21 1 75
stat: 92 64 21 2 25
stat: 92 64 21 3 50
stat: 92 64 21 1 75
stat: 93 64 21 2 25
stat: 93 64 21 1 50
stat: 93 64 21 1 75
stat: 94 64 21 2 25
stat: 94 64 21 2.53125 50
stat: 94 64 21 1 75
stat: 95 64 21 2 25
stat: 95 64 21 2.5625 50
stat: 95 64 21 1 75
stat: 96 64 21 2 25
stat: 96 64 21 2.46875 50
stat: 96 64 21 1 75
stat: 97 64 21 2 25
stat: 97 64 21 2 50
stat: 97 64 21 1 75
stat: 98 64 21 2 25
stat: 98 64 21 1 50
stat: 98 64 21 1 75
stat: 99 64 21 2 25
stat: 99 64 21 1 50
stat: 99 64 21 1 75
stat: 100 64 21 2 25
stat: 100 64 21 2.78125 50
stat: 100 64 21 1 75
stat: 101 64 21 2 25
stat: 101 64 21 3 50
stat: 101 64 21 1 75
stat: 102 64 21 2 25
stat: 102 64 21 3 50
stat: 102 64 21 1 75
stat: 103 64 21 2 25
stat: 103 64 21 2.71875 50
stat: 103 64 21 1 75
stat: 104 64 21 2 25
stat: 104 64 21 2.4375 50
stat: 104 64 21 1 75
stat: 105 64 21 2 25
stat: 105 64 21 2.96875 50
stat: 105 64 21 1 75
stat: 106 64 21 2 25
stat: 106 64 21 2.5625 50
stat: 106 64 21 1 75
stat: 107 64 21 2 25
stat: 107 64 21 2.8125 50
stat: 107 64 21 1 75
stat: 108 64 21 2 25
stat: 108 64 21 2.53125 50
stat: 108 64 21 1 75
stat: 109 64 21 2 25
stat: 109 64 21 2.46875 50
stat: 109 64 21 1 75
stat: 110 64 21 2 25
stat: 110 64 21 2.625 50
stat: 110 64 21 1 75
stat: 111 64 21 2 25
stat: 111 64 21 1 50
stat: 111 64 21 1 75
stat: 112 64 21 2 25
stat: 112 64 21 2.59375 50
stat: 112 64 21 1 75
stat: 113 64 21 2 25
stat: 113 64 21 2.6875 50
stat: 113 64 21 1 75
stat: 114 64 21 2 25
stat: 114 64 21 3 50
stat: 114 64 21 1 75
stat: 115 64 21 2 25
stat: 115 64 21 3 50
stat: 115 64 21 1 75
stat: 116 64 21 2 25
stat: 116 64 21 2.625 50
stat: 116 64 21 1 75
stat: 117 64 21 2 25
stat: 117 64 21 2.71875 50
stat: 117 64 21 1 75
stat: 118 64 21 2 25
stat: 118 64 21 2.40625 50
stat: 118 64 21 1 75
stat: 119 64 21 2 25
stat: 119 64 21 2.3125 50
stat: 119 64 21 1 75
stat: 120 64 21 2 25
stat: 120 64 21 2.375 50
stat: 120 64 21 1 75
stat: 121 64 21 2 25
stat: 121 64 21 2.6875 50
stat: 121 64 21 1 75
stat: 122 64 21 2 25
stat: 122 64 21 3 50
stat: 122 64 21 1 75
stat: 123 64 21 2 25
stat: 123 64 21 2.46875 50
stat: 123 64 21 1 75
stat: 124 64 21 2 25
stat: 124 64 21 2.34375 50
stat: 124 64 21 1 75
stat: 125 64 21 2 25
stat: 125 64 21 1 50
stat: 125 64 21 1 75
stat: 126 64 21 2 25
stat: 126 64 21 2.40625 50
stat: 126 64 21 1 75
stat: 127 64 21 2 25
stat: 127 64 21 2 50
stat: 127 64 21 1 75
stat: 128 64 21 2 25
stat: 128 64 21 3 50
stat: 128 64 21 1 75
stat: 129 64 21 2 25
stat: 129 64 21 1 50
stat: 129 64 21 1 75
stat: 130 64 21 2 25
stat: 130 64 21 2.5625 50
stat: 130 64 21 1 75
stat: 131 64 21 2 25
stat: 131 64 21 2.625 50
stat: 131 64 21 1 75
stat: 132 64 21 2 25
stat: 132 64 21 3 50
stat: 132 64 21 1 75
stat: 133 64 21 2 25
stat: 133 64 21 2.53125 50
stat: 133 64 21 1 75
stat: 134 64 21 2 25
stat: 134 64 21 2.28125 50
stat: 134 64 21 1 75
stat: 135 64 21 2 25
stat: 135 64 21 2.71875 50
stat: 135 64 21 1 75
stat: 136 64 21 2 25
stat: 136 64 21 2.46875 50
stat: 136 64 21 1 75
stat: 137 64 21 2 25
stat: 137 64 21 3 50
stat: 137 64 21 1 75
stat: 138 64 21 2 25
stat: 138 64 21 2.4375 50
stat: 138 64 21 1 75
stat: 139 64 21 2 25
stat: 139 64 21 2.1875 50
stat: 139 64 21 1 75
stat: 140 64 21 2 25
stat: 140 64 21 2 50
stat: 140 64 21 1 75
stat: 141 64 21 2 25
stat: 141 64 21 2.53125 50
stat: 141 64 21 1 75
stat: 142 64 21 2 25
stat: 142 64 21 1 50
stat: 142 64 21 1 75
stat: 143 64 21 2 25
stat: 143 64 21 2.46875 50
stat: 143 64 21 1 75
stat: 144 64 21 2 25
stat: 144 64 21 2.59375 50
stat: 144 64 21 1 75
stat: 145 64 21 2 25
stat: 145 64 21 2.5 50
stat: 145 64 21 1 75
stat: 146 64 21 2 25
stat: 146 64 21 2.53125 50
stat: 146 64 21 1 75
stat: 147 64 21 2 25
stat: 147 64 21 2.4375 50
stat: 147 64 21 1 75
stat: 148 64 21 2 25
stat: 148 64 21 2.625 50
stat: 148 64 21 1 75
stat: 149 64 21 2 25
stat: 149 64 21 1 50
stat: 149 64 21 1 75
stat: 150 64 21 2 25
stat: 150 64 21 1 50
stat: 150 64 21 1 75
stat: 151 64 21 2 25
stat: 151 64 21 1 50
stat: 151 64 21 1 75
stat: 152 64 21 2 25
stat: 152 64 21 2.46875 50
stat: 152 64 21 1 75
stat: 153 64 21 2 25
stat: 153 64 21 3 50
stat: 153 64 21 1 75
stat: 154 64 21 2 25
stat: 154 64 21 2.4375 50
stat: 154 64 21 1 75
stat: 155 64 21 2 25
stat: 155 64 21 3 50
stat: 155 64 21 1 75
stat: 156 64 21 2 25
stat: 156 64 21 2.78125 50
stat: 156 64 21 1 75
stat: 157 64 21 2 25
stat: 157 64 21 2.71875 50
stat: 157 64 21 1 75
stat: 158 64 21 2 25
stat: 158 64 21 2.6875 50
stat: 158 64 21 1 75
stat: 159 64 21 2 25
stat: 159 64 21 2.8125 50
stat: 159 64 21 1 75
stat: 160 64 21 2 25
stat: 160 64 21 2.375 50
stat: 160 64 21 1 75
stat: 161 64 21 2 25
stat: 161 64 21 1 50
stat: 161 64 21 1 75
stat: 162 64 21 2 25
stat: 162 64 21 2.5 50
stat: 162 64 21 1 75
stat: 163 64 21 2 25
stat: 163 64 21 3 50
stat: 163 64 21 1 75
stat: 164 64 21 2 25
stat: 164 64 21 2.46875 50
stat: 164 64 21 1 75
stat: 165 64 21 2 25
stat: 165 64 21 1 50
stat: 165 64 21 1 75
stat: 166 64 21 2 25
stat: 166 64 21 3 50
stat: 166 64 21 1 75
stat: 167 64 21 2 25
stat: 167 64 21 2.3125 50
stat: 167 64 21 1 75
stat: 168 64 21 2 25
stat: 168 64 21 2.59375 50
stat: 168 64 21 1 75
stat: 169 64 21 2 25
stat: 169 64 21 1 50
stat: 169 64 21 1 75
stat: 170 64 21 2 25
stat: 170 64 21 2.46875 50
stat: 170 64 21 1 75
stat: 171 64 21 2 25
stat: 171 64 21 3 50
stat: 171 64 21 1 75
stat: 172 64 21 2 25
stat: 172 64 21 2 50
stat: 172 64 21 1 75
stat: 173 64 21 2 25
stat: 173 64 21 3 50
stat: 173 64 21 1 75
stat: 174 64 21 2 25
stat: 174 64 21 2.46875 50
stat: 174 64 21 1 75
stat: 175 64 21 2 25
stat: 175 64 21 2.6875 50
stat: 175 64 21 1 75
stat: 176 64 21 2 25
stat: 176 64 21 2.25 50
stat: 176 64 21 1 75
stat: 177 64 21 2 25
stat: 177 64 21 2.4375 50
stat: 177 64 21 1 75
stat: 178 64 21 2 25
stat: 178 64 21 3 50
stat: 178 64 21 1 75
stat: 179 64 21 2 25
stat: 179 64 21 3 50
stat: 179 64 21 1 75
stat: 180 64 21 2 25
stat: 180 64 21 2.5 50
stat: 180 64 21 1 75
stat: 181 64 21 2 25
stat: 181 64 21 3 50
stat: 181 64 21 1 75
stat: 182 64 21 2 25
stat: 182 64 21 2.4375 50
stat: 182 64 21 1 75
stat: 183 64 21 2 25
stat: 183 64 21 2.5 50
stat: 183 64 21 1 75
stat: 184 64 21 2 25
stat: 184 64 21 3 50
stat: 184 64 21 1 75
stat: 185 64 21 2 25
stat: 185 64 21 2.65625 50
stat: 185 64 21 1 75
stat: 186 64 21 2 25
stat: 186 64 21 2.4375 50
stat: 186 64 21 1 75
stat: 187 64 21 2 25
stat: 187 64 21 2.59375 50
stat: 187 64 21 1 75
stat: 188 64 21 2 25
stat: 188 64 21 2.375 50
stat: 188 64 21 1 75
stat: 189 64 21 2 25
stat: 189 64 21 3 50
stat: 189 64 21 1 75
stat: 190 64 21 2 25
stat: 190 64 21 2.5 50
stat: 190 64 21 1 75
stat: 191 64 21 2 25
stat: 191 64 21 2.53125 50
stat: 191 64 21 1 75
stat: 192 64 21 2 25
stat: 192 64 21 2.34375 50
stat: 192 64 21 1 75
stat: 193 64 21 2 25
stat: 193 64 21 1 50
stat: 193 64 21 1 75
stat: 194 64 21 2 25
stat: 194 64 21 2.65625 50
stat: 194 64 21 1 75
stat: 195 64 21 2 25
stat: 195 64 21 2.40625 50
stat: 195 64 21 1 75
stat: 196 64 21 2 25
stat: 196 64 21 2.5 50
stat: 196 64 21 1 75
stat: 197 64 21 2 25
stat: 197 64 21 1 50
stat: 197 64 21 1 75
stat: 198 64 21 2 25
stat: 198 64 21 2.34375 50
stat: 198 64 21 1 75
stat: 199 64 21 2 25
stat: 199 64 21 2.46875 50
stat: 199 64 21 1 75
stat: 200 64 21 2 25
stat: 200 64 21 2.40625 50
stat: 200 64 21 1 75
stat: 201 64 21 2 25
stat: 201 64 21 2.5625 50
stat: 201 64 21 1 75
stat: 202 64 21 2 25
stat: 202 64 21 2.65625 50
stat: 202 64 21 1 75
stat: 203 64 21 2 25
stat: 203 64 21 3 50
stat: 203 64 21 1 75
stat: 204 64 21 2 25
stat: 204 64 21 2.46875 50
stat: 204 64 21 1 75
stat: 205 64 21 2 25
stat: 205 64 21 3 50
stat: 205 64 21 1 75
stat: 206 64 21 2 25
stat: 206 64 21 3 50
stat: 206 64 21 1 75
stat: 207 64 21 2 25
stat: 207 64 21 3 50
stat: 207 64 21 1 75
stat: 208 64 21 2 25
stat: 208 64 21 1 50
stat: 208 64 21 1 75
stat: 209 64 21 2 25
stat: 209 64 21 2.5 50
stat: 209 64 21 1 75
stat: 210 64 21 2 25
stat: 210 64 21 2.4375 50
stat: 210 64 21 1 75
stat: 211 64 21 2 25
stat: 211 64 21 2.71875 50
stat: 211 64 21 1 75
stat: 212 64 21 2 25
stat: 212 64 21 2.59375 50
stat: 212 64 21 1 75
stat: 213 64 21 2 25
stat: 213 64 21 2.46875 50
stat: 213 64 21 1 75
stat: 214 64 21 2 25
stat: 214 64 21 1 50
stat: 214 64 21 1 75
stat: 215 64 21 2 25
stat: 215 64 21 3 50
stat: 215 64 21 1 75
stat: 216 64 21 2 25
stat: 216 64 21 2.28125 50
stat: 216 64 21 1 75
stat: 217 64 21 2 25
stat: 217 64 21 2.78125 50
stat: 217 64 21 1 75
stat: 218 64 21 2 25
stat: 218 64 21 1 50
stat: 218 64 21 1 75
stat: 219 64 21 2 25
stat: 219 64 21 3 50
stat: 219 64 21 1 75
stat: 220 64 21 2 25
stat: 220 64 21 2.46875 50
stat: 220 64 21 1 75
stat: 221 64 21 2 25
stat: 221 64 21 2.59375 50
stat: 221 64 21 1 75
stat: 222 64 21 2 25
stat: 222 64 21 2.4375 50
stat: 222 64 21 1 75
stat: 223 64 21 2 25
stat: 223 64 21 2.5625 50
stat: 223 64 21 1 75
stat: 224 64 21 2 25
stat: 224 64 21 2.53125 50
stat: 224 64 21 1 75
stat: 225 64 21 2 25
stat: 225 64 21 2.65625 50
stat: 225 64 21 1 75
stat: 226 64 21 2 25
stat: 226 64 21 2.625 50
stat: 226 64 21 1 75
stat: 227 64 21 2 25
stat: 227 64 21 1 50
stat: 227 64 21 1 75
stat: 228 64 21 2 25
stat: 228 64 21 1 50
stat: 228 64 21 1 75
stat: 229 64 21 2 25
stat: 229 64 21 2.40625 50
stat: 229 64 21 1 75
stat: 230 64 21 2 25
stat: 230 64 21 2.3125 50
stat: 230 64 21 1 75
stat: 231 64 21 2 25
stat: 231 64 21 1 50
stat: 231 64 21 1 75
stat: 232 64 21 2 25
stat: 232 64 21 2.46875 50
stat: 232 64 21 1 75
stat: 233 64 21 2 25
stat: 233 64 21 2.46875 50
stat: 233 64 21 1 75
stat: 234 64 21 2 25
stat: 234 64 21 2.3125 50
stat: 234 64 21 1 75
stat: 235 64 21 2 25
stat: 235 64 21 2.375 50
stat: 235 64 21 1 75
stat: 236 64 21 2 25
stat: 236 64 21 2.4375 50
stat: 236 64 21 1 75
stat: 237 64 21 2 25
stat: 237 64 21 2.59375 50
stat: 237 64 21 1 75
stat: 238 64 21 2 25
stat: 238 64 21 3 50
stat: 238 64 21 1 75
stat: 239 64 21 2 25
stat: 239 64 21 2.3125 50
stat: 239 64 21 1 75
stat: 240 64 21 2 25
stat: 240 64 21 3 50
stat: 240 64 21 1 75
stat: 241 64 21 2 25
stat: 241 64 21 2.28125 50
stat: 241 64 21 1 75
stat: 242 64 21 2 25
stat: 242 64 21 3 50
stat: 242 64 21 1 75
stat: 243 64 21 2 25
stat: 243 64 21 2.78125 50
stat: 243 64 21 1 75
stat: 244 64 21 2 25
stat: 244 64 21 2.59375 50
stat: 244 64 21 1 75
stat: 245 64 21 2 25
stat: 245 64 21 2.53125 50
stat: 245 64 21 1 75
stat: 246 64 21 2 25
stat: 246 64 21 2 50
stat: 246 64 21 1 75
stat: 247 64 21 2 25
stat: 247 64 21 2.40625 50
stat: 247 64 21 1 75
stat: 248 64 21 2 25
stat: 248 64 21 2.59375 50
stat: 248 64 21 1 75
stat: 249 64 21 2 25
stat: 249 64 21 1 50
stat: 249 64 21 1 75
stat: 250 64 21 2 25
stat: 250 64 21 2.75 50
stat: 250 64 21 1 75
stat: 251 64 21 2 25
stat: 251 64 21 1 50
stat: 251 64 21 1 75
stat: 252 64 21 2 25
stat: 252 64 21 1 50
stat: 252 64 21 1 75
stat: 253 64 21 2 25
stat: 253 64 21 2.59375 50
stat: 253 64 21 1 75
stat: 254 64 21 2 25
stat: 254 64 21 2.78125 50
stat: 254 64 21 1 75
stat: 255 64 21 2 25
stat: 255 64 21 1 50
stat: 255 64 21 1 75
stat: 256 64 21 2 25
stat: 256 64 21 1 50
stat: 256 64 21 1 75
stat: 257 64 21 2 25
stat: 257 64 21 1 50
stat: 257 64 21 1 75
stat: 258 64 21 2 25
stat: 258 64 21 1 50
stat: 258 64 21 1 75
stat: 259 64 21 2 25
stat: 259 64 21 2.6875 50
stat: 259 64 21 1 75
stat: 260 64 21 2 25
stat: 260 64 21 3 50
stat: 260 64 21 1 75
stat: 261 64 21 2 25
stat: 261 64 21 2.25 50
stat: 261 64 21 1 75
stat: 262 64 21 2 25
stat: 262 64 21 2.75 50
stat: 262 64 21 1 75
stat: 263 64 21 2 25
stat: 263 64 21 3 50
stat: 263 64 21 1 75
stat: 264 64 21 2 25
stat: 264 64 21 2.59375 50
stat: 264 64 21 1 75
stat: 265 64 21 2 25
stat: 265 64 21 2.375 50
stat: 265 64 21 1 75
stat: 266 64 21 2 25
stat: 266 64 21 2.40625 50
stat: 266 64 21 1 75
stat: 267 64 21 2 25
stat: 267 64 21 2.71875 50
stat: 267 64 21 1 75
stat: 268 64 21 2 25
stat: 268 64 21 2.4375 50
stat: 268 64 21 1 75
stat: 269 64 21 2 25
stat: 269 64 21 3 50
stat: 269 64 21 1 75
stat: 270 64 21 2 25
stat: 270 64 21 3 50
stat: 270 64 21 1 75
stat: 271 64 21 2 25
stat: 271 64 21 2.59375 50
stat: 271 64 21 1 75
stat: 272 64 21 2 25
stat: 272 64 21 2.4375 50
stat: 272 64 21 1 75
stat: 273 64 21 2 25
stat: 273 64 21 2.625 50
stat: 273 64 21 1 75
stat: 274 64 21 2 25
stat: 274 64 21 1 50
stat: 274 64 21 1 75
stat: 275 64 21 2 25
stat: 275 64 21 2.625 50
stat: 275 64 21 1 75
stat: 276 64 21 2 25
stat: 276 64 21 2.5625 50
stat: 276 64 21 1 75
stat: 277 64 21 2 25
stat: 277 64 21 3 50
stat: 277 64 21 1 75
stat: 278 64 21 2 25
stat: 278 64 21 1 50
stat: 278 64 21 1 75
stat: 279 64 21 2 25
stat: 279 64 21 2.5625 50
stat: 279 64 21 1 75
stat: 280 64 21 2 25
stat: 280 64 21 2.59375 50
stat: 280 64 21 1 75
stat: 281 64 21 2 25
stat: 281 64 21 1 50
stat: 281 64 21 1 75
stat: 282 64 21 2 25
stat: 282 64 21 2.65625 50
stat: 282 64 21 1 75
stat: 283 64 21 2 25
stat: 283 64 21 2.4375 50
stat: 283 64 21 1 75
stat: 284 64 21 2 25
stat: 284 64 21 2.9375 50
stat: 284 64 21 1 75
stat: 285 64 21 2 25
stat: 285 64 21 2.375 50
stat: 285 64 21 1 75
stat: 286 64 21 2 25
stat: 286 64 21 3 50
stat: 286 64 21 1 75
stat: 287 64 21 2 25
stat: 287 64 21 2.5625 50
stat: 287 64 21 1 75
stat: 288 64 21 2 25
stat: 288 64 21 1 50
stat: 288 64 21 1 75
stat: 289 64 21 2 25
stat: 289 64 21 2.4375 50
stat: 289 64 21 1 75
stat: 290 64 21 2 25
stat: 290 64 21 2.5 50
stat: 290 64 21 1 75
stat: 291 64 21 2 25
stat: 291 64 21 2.5625 50
stat: 291 64 21 1 75
stat: 292 64 21 2 25
stat: 292 64 21 1 50
stat: 292 64 21 1 75
stat: 293 64 21 2 25
stat: 293 64 21 3 50
stat: 293 64 21 1 75
stat: 294 64 21 2 25
stat: 294 64 21 3 50
stat: 294 64 21 1 75
stat: 295 64 21 2 25
stat: 295 64 21 2.46875 50
stat: 295 64 21 1 75
stat: 296 64 21 2 25
stat: 296 64 21 1 50
stat: 296 64 21 1 75
stat: 297 64 21 2 25
stat: 297 64 21 1 50
stat: 297 64 21 1 75
stat: 298 64 21 2 25
stat: 298 64 21 2.5625 50
stat: 298 64 21 1 75
stat: 299 64 21 2 25
stat: 299 64 21 1 50
stat: 299 64 21 1 75
stat: 300 64 21 2 25
stat: 300 64 21 2.4375 50
stat: 300 64 21 1 75
stat: 301 64 21 2 25
stat: 301 64 21 2.5625 50
stat: 301 64 21 1 75
stat: 302 64 21 2 25
stat: 302 64 21 2.4375 50
stat: 302 64 21 1 75
stat: 303 64 21 2 25
stat: 303 64 21 1 50
stat: 303 64 21 1 75
stat: 304 64 21 2 25
stat: 304 64 21 1 50
stat: 304 64 21 1 75
stat: 305 64 21 2 25
stat: 305 64 21 2.65625 50
stat: 305 64 21 1 75
stat: 306 64 21 2 25
stat: 306 64 21 2.90625 50
stat: 306 64 21 1 75
stat: 307 64 21 2 25
stat: 307 64 21 2.5625 50
stat: 307 64 21 1 75
stat: 308 64 21 2 25
stat: 308 64 21 2.625 50
stat: 308 64 21 1 75
stat: 309 64 21 2 25
stat: 309 64 21 2 50
stat: 309 64 21 1 75
stat: 310 64 21 2 25
stat: 310 64 21 3 50
stat: 310 64 21 1 75
stat: 311 64 21 2 25
stat: 311 64 21 3 50
stat: 311 64 21 1 75
stat: 312 64 21 2 25
stat: 312 64 21 1 50
stat: 312 64 21 1 75
stat: 313 64 21 2 25
stat: 313 64 21 2.375 50
stat: 313 64 21 1 75
stat: 314 64 21 2 25
stat: 314 64 21 2.5 50
stat: 314 64 21 1 75
stat: 315 64 21 2 25
stat: 315 64 21 3 50
stat: 315 64 21 1 75
stat: 316 64 21 2 25
stat: 316 64 21 2 50
stat: 316 64 21 1 75
stat: 317 64 21 2 25
stat: 317 64 21 3 50
stat: 317 64 21 1 75
stat: 318 64 21 2 25
stat: 318 64 21 2.34375 50
stat: 318 64 21 1 75
stat: 319 64 21 2 25
stat: 319 64 21 3 50
stat: 319 64 21 1 75
stat: 320 64 21 2 25
stat: 320 64 21 2.375 50
stat: 320 64 21 1 75
stat: 321 64 21 2 25
stat: 321 64 21 2.3125 50
stat: 321 64 21 1 75
stat: 322 64 21 2 25
stat: 322 64 21 3 50
stat: 322 64 21 1 75
stat: 323 64 21 2 25
stat: 323 64 21 2.40625 50
stat: 323 64 21 1 75
stat: 324 64 21 2 25
stat: 324 64 21 2.46875 50
stat: 324 64 21 1 75
stat: 325 64 21 2 25
stat: 325 64 21 1 50
stat: 325 64 21 1 75
stat: 326 64 21 2 25
stat: 326 64 21 1 50
stat: 326 64 21 1 75
stat: 327 64 21 2 25
stat: 327 64 21 2.375 50
stat: 327 64 21 1 75
stat: 328 64 21 2 25
stat: 328 64 21 2.71875 50
stat: 328 64 21 1 75
stat: 329 64 21 2 25
stat: 329 64 21 2.25 50
stat: 329 64 21 1 75
stat: 330 64 21 2 25
stat: 330 64 21 2.46875 50
stat: 330 64 21 1 75
stat: 331 64 21 2 25
stat: 331 64 21 2.65625 50
stat: 331 64 21 1 75
stat: 332 64 21 2 25
stat: 332 64 21 2.4375 50
stat: 332 64 21 1 75
stat: 333 64 21 2 25
stat: 333 64 21 2.28125 50
stat: 333 64 21 1 75
stat: 334 64 21 2 25
stat: 334 64 21 2.40625 50
stat: 334 64 21 1 75
stat: 335 64 21 2 25
stat: 335 64 21 2.5625 50
stat: 335 64 21 1 75
stat: 336 64 21 2 25
stat: 336 64 21 2.5625 50
stat: 336 64 21 1 75
stat: 337 64 21 2 25
stat: 337 64 21 1 50
stat: 337 64 21 1 75
stat: 338 64 21 2 25
stat: 338 64 21 1 50
stat: 338 64 21 1 75
stat: 339 64 21 2 25
stat: 339 64 21 1 50
stat: 339 64 21 1 75
stat: 340 64 21 2 25
stat: 340 64 21 3 50
stat: 340 64 21 1 75
stat: 341 64 21 2 25
stat: 341 64 21 3 50
stat: 341 64 21 1 75
stat: 342 64 21 2 25
stat: 342 64 21 2.65625 50
stat: 342 64 21 1 75
stat: 343 64 21 2 25
stat: 343 64 21 2.5 50
stat: 343 64 21 1 75
stat: 344 64 21 2 25
stat: 344 64 21 2.5625 50
stat: 344 64 21 1 75
stat: 345 64 21 2 25
stat: 345 64 21 1 50
stat: 345 64 21 1 75
stat: 346 64 21 2 25
stat: 346 64 21 3 50
stat: 346 64 21 1 75
stat: 347 64 21 2 25
stat: 347 64 21 2.40625 50
stat: 347 64 21 1 75
stat: 348 64 21 2 25
stat: 348 64 21 2.53125 50
stat: 348 64 21 1 75
stat: 349 64 21 2 25
stat: 349 64 21 1 50
stat: 349 64 21 1 75
stat: 350 64 21 2 25
stat: 350 64 21 3 50
stat: 350 64 21 1 75
stat: 351 64 21 2 25
stat: 351 64 21 1 50
stat: 351 64 21 1 75
stat: 352 64 21 2 25
stat: 352 64 21 2.40625 50
stat: 352 64 21 1 75
stat: 353 64 21 2 25
stat: 353 64 21 3 50
stat: 353 64 21 1 75
stat: 354 64 21 2 25
stat: 354 64 21 2.6875 50
stat: 354 64 21 1 75
stat: 355 64 21 2 25
stat: 355 64 21 2.34375 50
stat: 355 64 21 1 75
stat: 356 64 21 2 25
stat: 356 64 21 1 50
stat: 356 64 21 1 75
stat: 357 64 21 2 25
stat: 357 64 21 1 50
stat: 357 64 21 1 75
stat: 358 64 21 2 25
stat: 358 64 21 2.5625 50
stat: 358 64 21 1 75
stat: 359 64 21 2 25
stat: 359 64 21 1 50
stat: 359 64 21 1 75
stat: 360 64 21 2 25
stat: 360 64 21 1 50
stat: 360 64 21 1 75
stat: 361 64 21 2 25
stat: 361 64 21 2.6875 50
stat: 361 64 21 1 75
stat: 362 64 21 2 25
stat: 362 64 21 2.5625 50
stat: 362 64 21 1 75
stat: 363 64 21 2 25
stat: 363 64 21 2.34375 50
stat: 363 64 21 1 75
stat: 364 64 21 2 25
stat: 364 64 21 3 50
stat: 364 64 21 1 75
stat: 365 64 21 2 25
stat: 365 64 21 2.5625 50
stat: 365 64 21 1 75
stat: 366 64 21 2 25
stat: 366 64 21 3 50
stat: 366 64 21 1 75
stat: 367 64 21 2 25
stat: 367 64 21 3 50
stat: 367 64 21 1 75
stat: 368 64 21 2 25
stat: 368 64 21 2.71875 50
stat: 368 64 21 1 75
stat: 369 64 21 2 25
stat: 369 64 21 2.5625 50
stat: 369 64 21 1 75
stat: 370 64 21 2 25
stat: 370 64 21 2.65625 50
stat: 370 64 21 1 75
stat: 371 64 21 2 25
stat: 371 64 21 2.59375 50
stat: 371 64 21 1 75
stat: 372 64 21 2 25
stat: 372 64 21 2.53125 50
stat: 372 64 21 1 75
stat: 373 64 21 2 25
stat: 373 64 21 1 50
stat: 373 64 21 1 75
stat: 374 64 21 2 25
stat: 374 64 21 2.5 50
stat: 374 64 21 1 75
stat: 375 64 21 2 25
stat: 375 64 21 2.46875 50
stat: 375 64 21 1 75
stat: 376 64 21 2 25
stat: 376 64 21 2.46875 50
stat: 376 64 21 1 75
stat: 377 64 21 2 25
stat: 377 64 21 2.46875 50
stat: 377 64 21 1 75
stat: 378 64 21 2 25
stat: 378 64 21 2 50
stat: 378 64 21 1 75
stat: 379 64 21 2 25
stat: 379 64 21 1 50
stat: 379 64 21 1 75
stat: 380 64 21 2 25
stat: 380 64 21 1 50
stat: 380 64 21 1 75
stat: 381 64 21 2 25
stat: 381 64 21 3 50
stat: 381 64 21 1 75
stat: 382 64 21 2 25
stat: 382 64 21 2.6875 50
stat: 382 64 21 1 75
stat: 383 64 21 2 25
stat: 383 64 21 1 50
stat: 383 64 21 1 75
stat: 384 64 21 2 25
stat: 384 64 21 3 50
stat: 384 64 21 1 75
stat: 385 64 21 2 25
stat: 385 64 21 2.375 50
stat: 385 64 21 1 75
stat: 386 64 21 2 25
stat: 386 64 21 1 50
stat: 386 64 21 1 75
stat: 387 64 21 2 25
stat: 387 64 21 2.53125 50
stat: 387 64 21 1 75
stat: 388 64 21 2 25
stat: 388 64 21 2.65625 50
stat: 388 64 21 1 75
stat: 389 64 21 2 25
stat: 389 64 21 3 50
stat: 389 64 21 1 75
stat: 390 64 21 2 25
stat: 390 64 21 1 50
stat: 390 64 21 1 75
stat: 391 64 21 2 25
stat: 391 64 21 2.46875 50
stat: 391 64 21 1 75
stat: 392 64 21 2 25
stat: 392 64 21 2.40625 50
stat: 392 64 21 1 75
stat: 393 64 21 2 25
stat: 393 64 21 2.4375 50
stat: 393 64 21 1 75
stat: 394 64 21 2 25
stat: 394 64 21 1 50
stat: 394 64 21 1 75
stat: 395 64 21 2 25
stat: 395 64 21 2.625 50
stat: 395 64 21 1 75
stat: 396 64 21 2 25
stat: 396 64 21 2.5 50
stat: 396 64 21 1 75
stat: 397 64 21 2 25
stat: 397 64 21 2.65625 50
stat: 397 64 21 1 75
stat: 398 64 21 2 25
stat: 398 64 21 2.71875 50
stat: 398 64 21 1 75
stat: 399 64 21 2 25
stat: 399 64 21 2.375 50
stat: 399 64 21 1 75
stat: 400 64 21 2 25
stat: 400 64 21 1 50
stat: 400 64 21 1 75
stat: 401 64 21 2 25
stat: 401 64 21 2.5 50
stat: 401 64 21 1 75
stat: 402 64 21 2 25
stat: 402 64 21 3 50
stat: 402 64 21 1 75
stat: 403 64 21 2 25
stat: 403 64 21 2.6875 50
stat: 403 64 21 1 75
stat: 404 64 21 2 25
stat: 404 64 21 2.59375 50
stat: 404 64 21 1 75
stat: 405 64 21 2 25
stat: 405 64 21 1 50
stat: 405 64 21 1 75
stat: 406 64 21 2 25
stat: 406 64 21 2.6875 50
stat: 406 64 21 1 75
stat: 407 64 21 2 25
stat: 407 64 21 2 50
stat: 407 64 21 1 75
stat: 408 64 21 2 25
stat: 408 64 21 2.34375 50
stat: 408 64 21 1 75
stat: 409 64 21 2 25
stat: 409 64 21 2.65625 50
stat: 409 64 21 1 75
stat: 410 64 21 2 25
stat: 410 64 21 2.5 50
stat: 410 64 21 1 75
stat: 411 64 21 2 25
stat: 411 64 21 1 50
stat: 411 64 21 1 75
stat: 412 64 21 2 25
stat: 412 64 21 2.375 50
stat: 412 64 21 1 75
stat: 413 64 21 2 25
stat: 413 64 21 1 50
stat: 413 64 21 1 75
stat: 414 64 21 2 25
stat: 414 64 21 3 50
stat: 414 64 21 1 75
stat: 415 64 21 2 25
stat: 415 64 21 2.25 50
stat: 415 64 21 1 75
stat: 416 64 21 2 25
stat: 416 64 21 1 50
stat: 416 64 21 1 75
stat: 417 64 21 2 25
stat: 417 64 21 2.6875 50
stat: 417 64 21 1 75
stat: 418 64 21 2 25
stat: 418 64 21 2.4375 50
stat: 418 64 21 1 75
stat: 419 64 21 2 25
stat: 419 64 21 2.40625 50
stat: 419 64 21 1 75
stat: 420 64 21 2 25
stat: 420 64 21 2.40625 50
stat: 420 64 21 1 75
stat: 421 64 21 2 25
stat: 421 64 21 3 50
stat: 421 64 21 1 75
stat: 422 64 21 2 25
stat: 422 64 21 3 50
stat: 422 64 21 1 75
stat: 423 64 21 2 25
stat: 423 64 21 2.40625 50
stat: 423 64 21 1 75
stat: 424 64 21 2 25
stat: 424 64 21 2.40625 50
stat: 424 64 21 1 75
stat: 425 64 21 2 25
stat: 425 64 21 3 50
stat: 425 64 21 1 75
stat: 426 64 21 2 25
stat: 426 64 21 2.46875 50
stat: 426 64 21 1 75
stat: 427 64 21 2 25
stat: 427 64 21 2.84375 50
stat: 427 64 21 1 75
stat: 428 64 21 2 25
stat: 428 64 21 2.625 50
stat: 428 64 21 1 75
stat: 429 64 21 2 25
stat: 429 64 21 3 50
stat: 429 64 21 1 75
stat: 430 64 21 2 25
stat: 430 64 21 2.46875 50
stat: 430 64 21 1 75
stat: 431 64 21 2 25
stat: 431 64 21 2.625 50
stat: 431 64 21 1 75
stat: 432 64 21 2 25
stat: 432 64 21 3 50
stat: 432 64 21 1 75
stat: 433 64 21 2 25
stat: 433 64 21 1 50
stat: 433 64 21 1 75
stat: 434 64 21 2 25
stat: 434 64 21 2.65625 50
stat: 434 64 21 1 75
stat: 435 64 21 2 25
stat: 435 64 21 1 50
stat: 435 64 21 1 75
stat: 436 64 21 2 25
stat: 436 64 21 3 50
stat: 436 64 21 1 75
stat: 437 64 21 2 25
stat: 437 64 21 2.625 50
stat: 437 64 21 1 75
stat: 438 64 21 2 25
stat: 438 64 21 2.28125 50
stat: 438 64 21 1 75
stat: 439 64 21 2 25
stat: 439 64 21 3 50
stat: 439 64 21 1 75
stat: 440 64 21 2 25
stat: 440 64 21 2 50
stat: 440 64 21 1 75
stat: 441 64 21 2 25
stat: 441 64 21 2.5625 50
stat: 441 64 21 1 75
stat: 442 64 21 2 25
stat: 442 64 21 2.5 50
stat: 442 64 21 1 75
stat: 443 64 21 2 25
stat: 443 64 21 1 50
stat: 443 64 21 1 75
stat: 444 64 21 2 25
stat: 444 64 21 2.59375 50
stat: 444 64 21 1 75
stat: 445 64 21 2 25
stat: 445 64 21 1 50
stat: 445 64 21 1 75
stat: 446 64 21 2 25
stat: 446 64 21 2.53125 50
stat: 446 64 21 1 75
stat: 447 64 21 2 25
stat: 447 64 21 2.375 50
stat: 447 64 21 1 75
stat: 448 64 21 2 25
stat: 448 64 21 2.46875 50
stat: 448 64 21 1 75
stat: 449 64 21 2 25
stat: 449 64 21 1 50
stat: 449 64 21 1 75
stat: 450 64 21 2 25
stat: 450 64 21 2.5 50
stat: 450 64 21 1 75
stat: 451 64 21 2 25
stat: 451 64 21 2.46875 50
stat: 451 64 21 1 75
stat: 452 64 21 2 25
stat: 452 64 21 1 50
stat: 452 64 21 1 75
stat: 453 64 21 2 25
stat: 453 64 21 2 50
stat: 453 64 21 1 75
stat: 454 64 21 2 25
stat: 454 64 21 3 50
stat: 454 64 21 1 75
stat: 455 64 21 2 25
stat: 455 64 21 3 50
stat: 455 64 21 1 75
stat: 456 64 21 2 25
stat: 456 64 21 2.34375 50
stat: 456 64 21 1 75
stat: 457 64 21 2 25
stat: 457 64 21 1 50
stat: 457 64 21 1 75
stat: 458 64 21 2 25
stat: 458 64 21 3 50
stat: 458 64 21 1 75
stat: 459 64 21 2 25
stat: 459 64 21 1 50
stat: 459 64 21 1 75
stat: 460 64 21 2 25
stat: 460 64 21 2.78125 50
stat: 460 64 21 1 75
stat: 461 64 21 2 25
stat: 461 64 21 2.5 50
stat: 461 64 21 1 75
stat: 462 64 21 2 25
stat: 462 64 21 1 50
stat: 462 64 21 1 75
stat: 463 64 21 2 25
stat: 463 64 21 2 50
stat: 463 64 21 1 75
stat: 464 64 21 2 25
stat: 464 64 21 3 50
stat: 464 64 21 1 75
stat: 465 64 21 2 25
stat: 465 64 21 3 50
stat: 465 64 21 1 75
stat: 466 64 21 2 25
stat: 466 64 21 2.5 50
stat: 466 64 21 1 75
stat: 467 64 21 2 25
stat: 467 64 21 2.53125 50
stat: 467 64 21 1 75
stat: 468 64 21 2 25
stat: 468 64 21 1 50
stat: 468 64 21 1 75
stat: 469 64 21 2 25
stat: 469 64 21 2.59375 50
stat: 469 64 21 1 75
stat: 470 64 21 2 25
stat: 470 64 21 1 50
stat: 470 64 21 1 75
stat: 471 64 21 2 25
stat: 471 64 21 2 50
stat: 471 64 21 1 75
stat: 472 64 21 2 25
stat: 472 64 21 1 50
stat: 472 64 21 1 75
stat: 473 64 21 2 25
stat: 473 64 21 1 50
stat: 473 64 21 1 75
stat: 474 64 21 2 25
stat: 474 64 21 2.6875 50
stat: 474 64 21 1 75
stat: 475 64 21 2 25
stat: 475 64 21 2.59375 50
stat: 475 64 21 1 75
stat: 476 64 21 2 25
stat: 476 64 21 2.34375 50
stat: 476 64 21 1 75
stat: 477 64 21 2 25
stat: 477 64 21 3 50
stat: 477 64 21 1 75
stat: 478 64 21 2 25
stat: 478 64 21 2.59375 50
stat: 478 64 21 1 75
stat: 479 64 21 2 25
stat: 479 64 21 3 50
stat: 479 64 21 1 75
stat: 480 64 21 2 25
stat: 480 64 21 2.5625 50
stat: 480 64 21 1 75
stat: 481 64 21 2 25
stat: 481 64 21 2.5 50
stat: 481 64 21 1 75
stat: 482 64 21 2 25
stat: 482 64 21 2.78125 50
stat: 482 64 21 1 75
stat: 483 64 21 2 25
stat: 483 64 21 2.59375 50
stat: 483 64 21 1 75
stat: 484 64 21 2 25
stat: 484 64 21 2.3125 50
stat: 484 64 21 1 75
stat: 485 64 21 2 25
stat: 485 64 21 2.5 50
stat: 485 64 21 1 75
stat: 486 64 21 2 25
stat: 486 64 21 1 50
stat: 486 64 21 1 75
stat: 487 64 21 2 25
stat: 487 64 21 2.5 50
stat: 487 64 21 1 75
stat: 488 64 21 2 25
stat: 488 64 21 2.5625 50
stat: 488 64 21 1 75
stat: 489 64 21 2 25
stat: 489 64 21 1 50
stat: 489 64 21 1 75
stat: 490 64 21 2 25
stat: 490 64 21 1 50
stat: 490 64 21 1 75
stat: 491 64 21 2 25
stat: 491 64 21 2.5 50
stat: 491 64 21 1 75
stat: 492 64 21 2 25
stat: 492 64 21 1 50
stat: 492 64 21 1 75
stat: 493 64 21 2 25
stat: 493 64 21 2.65625 50
stat: 493 64 21 1 75
stat: 494 64 21 2 25
stat: 494 64 21 3 50
stat: 494 64 21 1 75
stat: 495 64 21 2 25
stat: 495 64 21 3 50
stat: 495 64 21 1 75
stat: 496 64 21 2 25
stat: 496 64 21 2.71875 50
stat: 496 64 21 1 75
stat: 497 64 21 2 25
stat: 497 64 21 2.4375 50
stat: 497 64 21 1 75
stat: 498 64 21 2 25
stat: 498 64 21 1 50
stat: 498 64 21 1 75
stat: 499 64 21 2 25
stat: 499 64 21 2.5625 50
stat: 499 64 21 1 75
stat: 500 64 21 2 25
stat: 500 64 21 2.28125 50
stat: 500 64 21 1 75
stat: 501 64 21 2 25
stat: 501 64 21 3 50
stat: 501 64 21 1 75
stat: 502 64 21 2 25
stat: 502 64 21 2.625 50
stat: 502 64 21 1 75
stat: 503 64 21 2 25
stat: 503 64 21 2.25 50
stat: 503 64 21 1 75
stat: 504 64 21 2 25
stat: 504 64 21 3 50
stat: 504 64 21 1 75
stat: 505 64 21 2 25
stat: 505 64 21 2.65625 50
stat: 505 64 21 1 75
stat: 506 64 21 2 25
stat: 506 64 21 3 50
stat: 506 64 21 1 75
stat: 507 64 21 2 25
stat: 507 64 21 2.53125 50
stat: 507 64 21 1 75
stat: 508 64 21 2 25
stat: 508 64 21 3 50
stat: 508 64 21 1 75
stat: 509 64 21 2 25
stat: 509 64 21 2.5625 50
stat: 509 64 21 1 75
stat: 510 64 21 2 25
stat: 510 64 21 1 50
stat: 510 64 21 1 75
stat: 511 64 21 2 25
stat: 511 64 21 2.75 50
stat: 511 64 21 1 75
stat: 512 64 21 2 25
stat: 512 64 21 2.5 50
stat: 512 64 21 1 75
stat: 513 64 21 2 25
stat: 513 64 21 3 50
stat: 513 64 21 1 75
stat: 514 64 21 2 25
stat: 514 64 21 3 50
stat: 514 64 21 1 75
stat: 515 64 21 2 25
stat: 515 64 21 2.5625 50
stat: 515 64 21 1 75
stat: 516 64 21 2 25
stat: 516 64 21 1 50
stat: 516 64 21 1 75
stat: 517 64 21 2 25
stat: 517 64 21 2.4375 50
stat: 517 64 21 1 75
stat: 518 64 21 2 25
stat: 518 64 21 2.65625 50
stat: 518 64 21 1 75
stat: 519 64 21 2 25
stat: 519 64 21 2.5625 50
stat: 519 64 21 1 75
stat: 520 64 21 2 25
stat: 520 64 21 3 50
stat: 520 64 21 1 75
stat: 521 64 21 2 25
stat: 521 64 21 2.78125 50
stat: 521 64 21 1 75
stat: 522 64 21 2 25
stat: 522 64 21 2.5625 50
stat: 522 64 21 1 75
stat: 523 64 21 2 25
stat: 523 64 21 1 50
stat: 523 64 21 1 75
stat: 524 64 21 2 25
stat: 524 64 21 3 50
stat: 524 64 21 1 75
stat: 525 64 21 2 25
stat: 525 64 21 2.5 50
stat: 525 64 21 1 75
stat: 526 64 21 2 25
stat: 526 64 21 1 50
stat: 526 64 21 1 75
stat: 527 64 21 2 25
stat: 527 64 21 1 50
stat: 527 64 21 1 75
stat: 528 64 21 2 25
stat: 528 64 21 1 50
stat: 528 64 21 1 75
stat: 529 64 21 2 25
stat: 529 64 21 2.46875 50
stat: 529 64 21 1 75
stat: 530 64 21 2 25
stat: 530 64 21 3 50
stat: 530 64 21 1 75
stat: 531 64 21 2 25
stat: 531 64 21 1 50
stat: 531 64 21 1 75
stat: 532 64 21 2 25
stat: 532 64 21 2.59375 50
stat: 532 64 21 1 75
stat: 533 64 21 2 25
stat: 533 64 21 2 50
stat: 533 64 21 1 75
stat: 534 64 21 2 25
stat: 534 64 21 2.4375 50
stat: 534 64 21 1 75
stat: 535 64 21 2 25
stat: 535 64 21 2.4375 50
stat: 535 64 21 1 75
stat: 536 64 21 2 25
stat: 536 64 21 3 50
stat: 536 64 21 1 75
stat: 537 64 21 2 25
stat: 537 64 21 2.40625 50
stat: 537 64 21 1 75
stat: 538 64 21 2 25
stat: 538 64 21 3 50
stat: 538 64 21 1 75
stat: 539 64 21 2 25
stat: 539 64 21 2.40625 50
stat: 539 64 21 1 75
stat: 540 64 21 2 25
stat: 540 64 21 1 50
stat: 540 64 21 1 75
stat: 541 64 21 2 25
stat: 541 64 21 3 50
stat: 541 64 21 1 75
stat: 542 64 21 2 25
stat: 542 64 21 2.71875 50
stat: 542 64 21 1 75
stat: 543 64 21 2 25
stat: 543 64 21 3 50
stat: 543 64 21 1 75
stat: 544 64 21 2 25
stat: 544 64 21 2.875 50
stat: 544 64 21 1 75
stat: 545 64 21 2 25
stat: 545 64 21 2.46875 50
stat: 545 64 21 1 75
stat: 546 64 21 2 25
stat: 546 64 21 1 50
stat: 546 64 21 1 75
stat: 547 64 21 2 25
stat: 547 64 21 2.625 50
stat: 547 64 21 1 75
stat: 548 64 21 2 25
stat: 548 64 21 3 50
stat: 548 64 21 1 75
stat: 549 64 21 2 25
stat: 549 64 21 2.5 50
stat: 549 64 21 1 75
stat: 550 64 21 2 25
stat: 550 64 21 2.375 50
stat: 550 64 21 1 75
stat: 551 64 21 2 25
stat: 551 64 21 2 50
stat: 551 64 21 1 75
stat: 552 64 21 2 25
stat: 552 64 21 2.625 50
stat: 552 64 21 1 75
stat: 553 64 21 2 25
stat: 553 64 21 3 50
stat: 553 64 21 1 75
stat: 554 64 21 2 25
stat: 554 64 21 2.34375 50
stat: 554 64 21 1 75
stat: 555 64 21 2 25
stat: 555 64 21 2.46875 50
stat: 555 64 21 1 75
stat: 556 64 21 2 25
stat: 556 64 21 2.1875 50
stat: 556 64 21 1 75
stat: 557 64 21 2 25
stat: 557 64 21 2.5625 50
stat: 557 64 21 1 75
stat: 558 64 21 2 25
stat: 558 64 21 2.53125 50
stat: 558 64 21 1 75
stat: 559 64 21 2 25
stat: 559 64 21 3 50
stat: 559 64 21 1 75
stat: 560 64 21 2 25
stat: 560 64 21 3 50
stat: 560 64 21 1 75
stat: 561 64 21 2 25
stat: 561 64 21 2.5625 50
stat: 561 64 21 1 75
stat: 562 64 21 2 25
stat: 562 64 21 1 50
stat: 562 64 21 1 75
stat: 563 64 21 2 25
stat: 563 64 21 2.5625 50
stat: 563 64 21 1 75
stat: 564 64 21 2 25
stat: 564 64 21 2.1875 50
stat: 564 64 21 1 75
stat: 565 64 21 2 25
stat: 565 64 21 3 50
stat: 565 64 21 1 75
stat: 566 64 21 2 25
stat: 566 64 21 2.46875 50
stat: 566 64 21 1 75
stat: 567 64 21 2 25
stat: 567 64 21 2.375 50
stat: 567 64 21 1 75
stat: 568 64 21 2 25
stat: 568 64 21 2.59375 50
stat: 568 64 21 1 75
stat: 569 64 21 2 25
stat: 569 64 21 1 50
stat: 569 64 21 1 75
stat: 570 64 21 2 25
stat: 570 64 21 3 50
stat: 570 64 21 1 75
stat: 571 64 21 2 25
stat: 571 64 21 3 50
stat: 571 64 21 1 75
stat: 572 64 21 2 25
stat: 572 64 21 2.65625 50
stat: 572 64 21 1 75
stat: 573 64 21 2 25
stat: 573 64 21 3 50
stat: 573 64 21 1 75
stat: 574 64 21 2 25
stat: 574 64 21 2.65625 50
stat: 574 64 21 1 75
stat: 575 64 21 2 25
stat: 575 64 21 2.8125 50
stat: 575 64 21 1 75
stat: 576 64 21 2 25
stat: 576 64 21 2.46875 50
stat: 576 64 21 1 75
stat: 577 64 21 2 25
stat: 577 64 21 3 50
stat: 577 64 21 1 75
stat: 578 64 21 2 25
stat: 578 64 21 2.375 50
stat: 578 64 21 1 75
stat: 579 64 21 2 25
stat: 579 64 21 2.53125 50
stat: 579 64 21 1 75
stat: 580 64 21 2 25
stat: 580 64 21 2.375 50
stat: 580 64 21 1 75
stat: 581 64 21 2 25
stat: 581 64 21 2.71875 50
stat: 581 64 21 1 75
stat: 582 64 21 2 25
stat: 582 64 21 1 50
stat: 582 64 21 1 75
stat: 583 64 21 2 25
stat: 583 64 21 2.46875 50
stat: 583 64 21 1 75
stat: 584 64 21 2 25
stat: 584 64 21 2.65625 50
stat: 584 64 21 1 75
stat: 585 64 21 2 25
stat: 585 64 21 2.40625 50
stat: 585 64 21 1 75
stat: 586 64 21 2 25
stat: 586 64 21 3 50
stat: 586 64 21 1 75
stat: 587 64 21 2 25
stat: 587 64 21 3 50
stat: 587 64 21 1 75
stat: 588 64 21 2 25
stat: 588 64 21 1 50
stat: 588 64 21 1 75
stat: 589 64 21 2 25
stat: 589 64 21 2.59375 50
stat: 589 64 21 1 75
stat: 590 64 21 2 25
stat: 590 64 21 2.71875 50
stat: 590 64 21 1 75
stat: 591 64 21 2 25
stat: 591 64 21 2.78125 50
stat: 591 64 21 1 75
stat: 592 64 21 2 25
stat: 592 64 21 3 50
stat: 592 64 21 1 75
stat: 593 64 21 2 25
stat: 593 64 21 2.46875 50
stat: 593 64 21 1 75
stat: 594 64 21 2 25
stat: 594 64 21 2.53125 50
stat: 594 64 21 1 75
stat: 595 64 21 2 25
stat: 595 64 21 2.65625 50
stat: 595 64 21 1 75
stat: 596 64 21 2 25
stat: 596 64 21 3 50
stat: 596 64 21 1 75
stat: 597 64 21 2 25
stat: 597 64 21 2.6875 50
stat: 597 64 21 1 75
stat: 598 64 21 2 25
stat: 598 64 21 2.65625 50
stat: 598 64 21 1 75
stat: 599 64 21 2 25
stat: 599 64 21 2.40625 50
stat: 599 64 21 1 75
stat: 600 64 21 2 25
stat: 600 64 21 2.5 50
stat: 600 64 21 1 75
stat: 601 64 21 2 25
stat: 601 64 21 2.53125 50
stat: 601 64 21 1 75
stat: 602 64 21 2 25
stat: 602 64 21 2.4375 50
stat: 602 64 21 1 75
stat: 603 64 21 2 25
stat: 603 64 21 1 50
stat: 603 64 21 1 75
stat: 604 64 21 2 25
stat: 604 64 21 2.46875 50
stat: 604 64 21 1 75
stat: 605 64 21 2 25
stat: 605 64 21 2.75 50
stat: 605 64 21 1 75
stat: 606 64 21 2 25
stat: 606 64 21 1 50
stat: 606 64 21 1 75
stat: 607 64 21 2 25
stat: 607 64 21 2.375 50
stat: 607 64 21 1 75
stat: 608 64 21 2 25
stat: 608 64 21 1 50
stat: 608 64 21 1 75
stat: 609 64 21 2 25
stat: 609 64 21 2.65625 50
stat: 609 64 21 1 75
stat: 610 64 21 2 25
stat: 610 64 21 2 50
stat: 610 64 21 1 75
stat: 611 64 21 2 25
stat: 611 64 21 2 50
stat: 611 64 21 1 75
stat: 612 64 21 2 25
stat: 612 64 21 2.5 50
stat: 612 64 21 1 75
stat: 613 64 21 2 25
stat: 613 64 21 2.78125 50
stat: 613 64 21 1 75
stat: 614 64 21 2 25
stat: 614 64 21 2.59375 50
stat: 614 64 21 1 75
stat: 615 64 21 2 25
stat: 615 64 21 2.4375 50
stat: 615 64 21 1 75
stat: 616 64 21 2 25
stat: 616 64 21 3 50
stat: 616 64 21 1 75
stat: 617 64 21 2 25
stat: 617 64 21 1 50
stat: 617 64 21 1 75
stat: 618 64 21 2 25
stat: 618 64 21 3 50
stat: 618 64 21 1 75
stat: 619 64 21 2 25
stat: 619 64 21 2.34375 50
stat: 619 64 21 1 75
stat: 620 64 21 2 25
stat: 620 64 21 2.5625 50
stat: 620 64 21 1 75
stat: 621 64 21 2 25
stat: 621 64 21 3 50
stat: 621 64 21 1 75
stat: 622 64 21 2 25
stat: 622 64 21 1 50
stat: 622 64 21 1 75
stat: 623 64 21 2 25
stat: 623 64 21 2.46875 50
stat: 623 64 21 1 75
stat: 624 64 21 2 25
stat: 624 64 21 2.53125 50
stat: 624 64 21 1 75
stat: 625 64 21 2 25
stat: 625 64 21 2.53125 50
stat: 625 64 21 1 75
stat: 626 64 21 2 25
stat: 626 64 21 3 50
stat: 626 64 21 1 75
stat: 627 64 21 2 25
stat: 627 64 21 2.40625 50
stat: 627 64 21 1 75
stat: 628 64 21 2 25
stat: 628 64 21 3 50
stat: 628 64 21 1 75
stat: 629 64 21 2 25
stat: 629 64 21 2.46875 50
stat: 629 64 21 1 75
stat: 630 64 21 2 25
stat: 630 64 21 2.53125 50
stat: 630 64 21 1 75
stat: 631 64 21 2 25
stat: 631 64 21 3 50
stat: 631 64 21 1 75
stat: 632 64 21 2 25
stat: 632 64 21 2.53125 50
stat: 632 64 21 1 75
stat: 633 64 21 2 25
stat: 633 64 21 2.71875 50
stat: 633 64 21 1 75
stat: 634 64 21 2 25
stat: 634 64 21 1 50
stat: 634 64 21 1 75
stat: 635 64 21 2 25
stat: 635 64 21 2.46875 50
stat: 635 64 21 1 75
stat: 636 64 21 2 25
stat: 636 64 21 3 50
stat: 636 64 21 1 75
stat: 637 64 21 2 25
stat: 637 64 21 3 50
stat: 637 64 21 1 75
stat: 638 64 21 2 25
stat: 638 64 21 2.46875 50
stat: 638 64 21 1 75
stat: 639 64 21 2 25
stat: 639 64 21 2 50
stat: 639 64 21 1 75
stat: 640 64 21 2 25
stat: 640 64 21 3 50
stat: 640 64 21 1 75
stat: 641 64 21 2 25
stat: 641 64 21 2.75 50
stat: 641 64 21 1 75
stat: 642 64 21 2 25
stat: 642 64 21 2 50
stat: 642 64 21 1 75
stat: 643 64 21 2 25
stat: 643 64 21 2.5 50
stat: 643 64 21 1 75
stat: 644 64 21 2 25
stat: 644 64 21 1 50
stat: 644 64 21 1 75
stat: 645 64 21 2 25
stat: 645 64 21 3 50
stat: 645 64 21 1 75
stat: 646 64 21 2 25
stat: 646 64 21 2.59375 50
stat: 646 64 21 1 75
stat: 647 64 21 2 25
stat: 647 64 21 2.53125 50
stat: 647 64 21 1 75
stat: 648 64 21 2 25
stat: 648 64 21 2.375 50
stat: 648 64 21 1 75
stat: 649 64 21 2 25
stat: 649 64 21 2.4375 50
stat: 649 64 21 1 75
stat: 650 64 21 2 25
stat: 650 64 21 3 50
stat: 650 64 21 1 75
stat: 651 64 21 2 25
stat: 651 64 21 2.40625 50
stat: 651 64 21 1 75
stat: 652 64 21 2 25
stat: 652 64 21 3 50
stat: 652 64 21 1 75
stat: 653 64 21 2 25
stat: 653 64 21 2.5 50
stat: 653 64 21 1 75
stat: 654 64 21 2 25
stat: 654 64 21 3 50
stat: 654 64 21 1 75
stat: 655 64 21 2 25
stat: 655 64 21 1 50
stat: 655 64 21 1 75
stat: 656 64 21 2 25
stat: 656 64 21 2.78125 50
stat: 656 64 21 1 75
stat: 657 64 21 2 25
stat: 657 64 21 2.40625 50
stat: 657 64 21 1 75
stat: 658 64 21 2 25
stat: 658 64 21 2.5625 50
stat: 658 64 21 1 75
stat: 659 64 21 2 25
stat: 659 64 21 3 50
stat: 659 64 21 1 75
stat: 660 64 21 2 25
stat: 660 64 21 2.5 50
stat: 660 64 21 1 75
stat: 661 64 21 2 25
stat: 661 64 21 2.375 50
stat: 661 64 21 1 75
stat: 662 64 21 2 25
stat: 662 64 21 3 50
stat: 662 64 21 1 75
stat: 663 64 21 2 25
stat: 663 64 21 2.5 50
stat: 663 64 21 1 75
stat: 664 64 21 2 25
stat: 664 64 21 2.3125 50
stat: 664 64 21 1 75
stat: 665 64 21 2 25
stat: 665 64 21 1 50
stat: 665 64 21 1 75
stat: 666 64 21 2 25
stat: 666 64 21 2.4375 50
stat: 666 64 21 1 75
stat: 667 64 21 2 25
stat: 667 64 21 3 50
stat: 667 64 21 1 75
stat: 668 64 21 2 25
stat: 668 64 21 2.34375 50
stat: 668 64 21 1 75
stat: 669 64 21 2 25
stat: 669 64 21 1 50
stat: 669 64 21 1 75
stat: 670 64 21 2 25
stat: 670 64 21 2.53125 50
stat: 670 64 21 1 75
stat: 671 64 21 2 25
stat: 671 64 21 2.53125 50
stat: 671 64 21 1 75
stat: 672 64 21 2 25
stat: 672 64 21 2.5625 50
stat: 672 64 21 1 75
stat: 673 64 21 2 25
stat: 673 64 21 3 50
stat: 673 64 21 1 75
stat: 674 64 21 2 25
stat: 674 64 21 2.65625 50
stat: 674 64 21 1 75
stat: 675 64 21 2 25
stat: 675 64 21 2.375 50
stat: 675 64 21 1 75
stat: 676 64 21 2 25
stat: 676 64 21 1 50
stat: 676 64 21 1 75
stat: 677 64 21 2 25
stat: 677 64 21 3 50
stat: 677 64 21 1 75
stat: 678 64 21 2 25
stat: 678 64 21 2.34375 50
stat: 678 64 21 1 75
stat: 679 64 21 2 25
stat: 679 64 21 2.8125 50
stat: 679 64 21 1 75
stat: 680 64 21 2 25
stat: 680 64 21 2 50
stat: 680 64 21 1 75
stat: 681 64 21 2 25
stat: 681 64 21 2.59375 50
stat: 681 64 21 1 75
stat: 682 64 21 2 25
stat: 682 64 21 1 50
stat: 682 64 21 1 75
stat: 683 64 21 2 25
stat: 683 64 21 3 50
stat: 683 64 21 1 75
stat: 684 64 21 2 25
stat: 684 64 21 2.4375 50
stat: 684 64 21 1 75
stat: 685 64 21 2 25
stat: 685 64 21 1 50
stat: 685 64 21 1 75
stat: 686 64 21 2 25
stat: 686 64 21 2.40625 50
stat: 686 64 21 1 75
stat: 687 64 21 2 25
stat: 687 64 21 2.6875 50
stat: 687 64 21 1 75
stat: 688 64 21 2 25
stat: 688 64 21 1 50
stat: 688 64 21 1 75
stat: 689 64 21 2 25
stat: 689 64 21 3 50
stat: 689 64 21 1 75
stat: 690 64 21 2 25
stat: 690 64 21 1 50
stat: 690 64 21 1 75
stat: 691 64 21 2 25
stat: 691 64 21 2.46875 50
stat: 691 64 21 1 75
stat: 692 64 21 2 25
stat: 692 64 21 1 50
stat: 692 64 21 1 75
stat: 693 64 21 2 25
stat: 693 64 21 2.75 50
stat: 693 64 21 1 75
stat: 694 64 21 2 25
stat: 694 64 21 3 50
stat: 694 64 21 1 75
stat: 695 64 21 2 25
stat: 695 64 21 2.4375 50
stat: 695 64 21 1 75
stat: 696 64 21 2 25
stat: 696 64 21 2.625 50
stat: 696 64 21 1 75
stat: 697 64 21 2 25
stat: 697 64 21 1 50
stat: 697 64 21 1 75
stat: 698 64 21 2 25
stat: 698 64 21 3 50
stat: 698 64 21 1 75
stat: 699 64 21 2 25
stat: 699 64 21 1 50
stat: 699 64 21 1 75
stat: 700 64 21 2 25
stat: 700 64 21 3 50
stat: 700 64 21 1 75
stat: 701 64 21 2 25
stat: 701 64 21 1 50
stat: 701 64 21 1 75
stat: 702 64 21 2 25
stat: 702 64 21 2.625 50
stat: 702 64 21 1 75
stat: 703 64 21 2 25
stat: 703 64 21 2.59375 50
stat: 703 64 21 1 75
stat: 704 64 21 2 25
stat: 704 64 21 2.3125 50
stat: 704 64 21 1 75
stat: 705 64 21 2 25
stat: 705 64 21 2.46875 50
stat: 705 64 21 1 75
stat: 706 64 21 2 25
stat: 706 64 21 3 50
stat: 706 64 21 1 75
stat: 707 64 21 2 25
stat: 707 64 21 2.4375 50
stat: 707 64 21 1 75
stat: 708 64 21 2 25
stat: 708 64 21 1 50
stat: 708 64 21 1 75
stat: 709 64 21 2 25
stat: 709 64 21 2.375 50
stat: 709 64 21 1 75
stat: 710 64 21 2 25
stat: 710 64 21 2.71875 50
stat: 710 64 21 1 75
stat: 711 64 21 2 25
stat: 711 64 21 2.40625 50
stat: 711 64 21 1 75
stat: 712 64 21 2 25
stat: 712 64 21 3 50
stat: 712 64 21 1 75
stat: 713 64 21 2 25
stat: 713 64 21 1 50
stat: 713 64 21 1 75
stat: 714 64 21 2 25
stat: 714 64 21 1 50
stat: 714 64 21 1 75
stat: 715 64 21 2 25
stat: 715 64 21 2.40625 50
stat: 715 64 21 1 75
stat: 716 64 21 2 25
stat: 716 64 21 1 50
stat: 716 64 21 1 75
stat: 717 64 21 2 25
stat: 717 64 21 2.6875 50
stat: 717 64 21 1 75
stat: 718 64 21 2 25
stat: 718 64 21 2.53125 50
stat: 718 64 21 1 75
stat: 719 64 21 2 25
stat: 719 64 21 3 50
stat: 719 64 21 1 75
stat: 720 64 21 2 25
stat: 720 64 21 2.59375 50
stat: 720 64 21 1 75
stat: 721 64 21 2 25
stat: 721 64 21 1 50
stat: 721 64 21 1 75
stat: 722 64 21 2 25
stat: 722 64 21 3 50
stat: 722 64 21 1 75
stat: 723 64 21 2 25
stat: 723 64 21 2.5 50
stat: 723 64 21 1 75
stat: 724 64 21 2 25
stat: 724 64 21 2.59375 50
stat: 724 64 21 1 75
stat: 725 64 21 2 25
stat: 725 64 21 2.5625 50
stat: 725 64 21 1 75
stat: 726 64 21 2 25
stat: 726 64 21 1 50
stat: 726 64 21 1 75
stat: 727 64 21 2 25
stat: 727 64 21 1 50
stat: 727 64 21 1 75
stat: 728 64 21 2 25
stat: 728 64 21 2.5625 50
stat: 728 64 21 1 75
stat: 729 64 21 2 25
stat: 729 64 21 2.71875 50
stat: 729 64 21 1 75
stat: 730 64 21 2 25
stat: 730 64 21 3 50
stat: 730 64 21 1 75
stat: 731 64 21 2 25
stat: 731 64 21 2.3125 50
stat: 731 64 21 1 75
stat: 732 64 21 2 25
stat: 732 64 21 2 50
stat: 732 64 21 1 75
stat: 733 64 21 2 25
stat: 733 64 21 2.4375 50
stat: 733 64 21 1 75
stat: 734 64 21 2 25
stat: 734 64 21 2.65625 50
stat: 734 64 21 1 75
stat: 735 64 21 2 25
stat: 735 64 21 2.53125 50
stat: 735 64 21 1 75
stat: 736 64 21 2 25
stat: 736 64 21 3 50
stat: 736 64 21 1 75
stat: 737 64 21 2 25
stat: 737 64 21 1 50
stat: 737 64 21 1 75
stat: 738 64 21 2 25
stat: 738 64 21 2.53125 50
stat: 738 64 21 1 75
stat: 739 64 21 2 25
stat: 739 64 21 2.4375 50
stat: 739 64 21 1 75
stat: 740 64 21 2 25
stat: 740 64 21 2.40625 50
stat: 740 64 21 1 75
stat: 741 64 21 2 25
stat: 741 64 21 1 50
stat: 741 64 21 1 75
stat: 742 64 21 2 25
stat: 742 64 21 2.75 50
stat: 742 64 21 1 75
stat: 743 64 21 2 25
stat: 743 64 21 2.53125 50
stat: 743 64 21 1 75
stat: 744 64 21 2 25
stat: 744 64 21 1 50
stat: 744 64 21 1 75
stat: 745 64 21 2 25
stat: 745 64 21 2.5625 50
stat: 745 64 21 1 75
stat: 746 64 21 2 25
stat: 746 64 21 3 50
stat: 746 64 21 1 75
stat: 747 64 21 2 25
stat: 747 64 21 2.59375 50
stat: 747 64 21 1 75
stat: 748 64 21 2 25
stat: 748 64 21 2.53125 50
stat: 748 64 21 1 75
stat: 749 64 21 2 25
stat: 749 64 21 2.34375 50
stat: 749 64 21 1 75
stat: 750 64 21 2 25
stat: 750 64 21 2.46875 50
stat: 750 64 21 1 75
stat: 751 64 21 2 25
stat: 751 64 21 2.4375 50
stat: 751 64 21 1 75
stat: 752 64 21 2 25
stat: 752 64 21 2.5 50
stat: 752 64 21 1 75
stat: 753 64 21 2 25
stat: 753 64 21 3 50
stat: 753 64 21 1 75
stat: 754 64 21 2 25
stat: 754 64 21 2.53125 50
stat: 754 64 21 1 75
stat: 755 64 21 2 25
stat: 755 64 21 1 50
stat: 755 64 21 1 75
stat: 756 64 21 2 25
stat: 756 64 21 2.6875 50
stat: 756 64 21 1 75
stat: 757 64 21 2 25
stat: 757 64 21 2.40625 50
stat: 757 64 21 1 75
stat: 758 64 21 2 25
stat: 758 64 21 2.59375 50
stat: 758 64 21 1 75
stat: 759 64 21 2 25
stat: 759 64 21 2.46875 50
stat: 759 64 21 1 75
stat: 760 64 21 2 25
stat: 760 64 21 2.53125 50
stat: 760 64 21 1 75
stat: 761 64 21 2 25
stat: 761 64 21 3 50
stat: 761 64 21 1 75
stat: 762 64 21 2 25
stat: 762 64 21 2.5 50
stat: 762 64 21 1 75
stat: 763 64 21 2 25
stat: 763 64 21 2.59375 50
stat: 763 64 21 1 75
stat: 764 64 21 2 25
stat: 764 64 21 2.40625 50
stat: 764 64 21 1 75
stat: 765 64 21 2 25
stat: 765 64 21 2.5625 50
stat: 765 64 21 1 75
stat: 766 64 21 2 25
stat: 766 64 21 2.65625 50
stat: 766 64 21 1 75
stat: 767 64 21 2 25
stat: 767 64 21 2 50
stat: 767 64 21 1 75
stat: 768 64 21 2 25
stat: 768 64 21 2.53125 50
stat: 768 64 21 1 75
stat: 769 64 21 2 25
stat: 769 64 21 2.5 50
stat: 769 64 21 1 75
stat: 770 64 21 2 25
stat: 770 64 21 2.71875 50
stat: 770 64 21 1 75
stat: 771 64 21 2 25
stat: 771 64 21 2.53125 50
stat: 771 64 21 1 75
stat: 772 64 21 2 25
stat: 772 64 21 2.625 50
stat: 772 64 21 1 75
stat: 773 64 21 2 25
stat: 773 64 21 2.4375 50
stat: 773 64 21 1 75
stat: 774 64 21 2 25
stat: 774 64 21 2.4375 50
stat: 774 64 21 1 75
stat: 775 64 21 2 25
stat: 775 64 21 3 50
stat: 775 64 21 1 75
stat: 776 64 21 2 25
stat: 776 64 21 1 50
stat: 776 64 21 1 75
stat: 777 64 21 2 25
stat: 777 64 21 2.40625 50
stat: 777 64 21 1 75
stat: 778 64 21 2 25
stat: 778 64 21 2.375 50
stat: 778 64 21 1 75
stat: 779 64 21 2 25
stat: 779 64 21 2.59375 50
stat: 779 64 21 1 75
stat: 780 64 21 2 25
stat: 780 64 21 2.6875 50
stat: 780 64 21 1 75
stat: 781 64 21 2 25
stat: 781 64 21 3 50
stat: 781 64 21 1 75
stat: 782 64 21 2 25
stat: 782 64 21 2.78125 50
stat: 782 64 21 1 75
stat: 783 64 21 2 25
stat: 783 64 21 1 50
stat: 783 64 21 1 75
stat: 784 64 21 2 25
stat: 784 64 21 2.59375 50
stat: 784 64 21 1 75
stat: 785 64 21 2 25
stat: 785 64 21 2.5625 50
stat: 785 64 21 1 75
stat: 786 64 21 2 25
stat: 786 64 21 3 50
stat: 786 64 21 1 75
stat: 787 64 21 2 25
stat: 787 64 21 2.625 50
stat: 787 64 21 1 75
stat: 788 64 21 2 25
stat: 788 64 21 2.53125 50
stat: 788 64 21 1 75
stat: 789 64 21 2 25
stat: 789 64 21 2.3125 50
stat: 789 64 21 1 75
stat: 790 64 21 2 25
stat: 790 64 21 1 50
stat: 790 64 21 1 75
stat: 791 64 21 2 25
stat: 791 64 21 1 50
stat: 791 64 21 1 75
stat: 792 64 21 2 25
stat: 792 64 21 3 50
stat: 792 64 21 1 75
stat: 793 64 21 2 25
stat: 793 64 21 2.40625 50
stat: 793 64 21 1 75
stat: 794 64 21 2 25
stat: 794 64 21 2.625 50
stat: 794 64 21 1 75
stat: 795 64 21 2 25
stat: 795 64 21 1 50
stat: 795 64 21 1 75
stat: 796 64 21 2 25
stat: 796 64 21 2.71875 50
stat: 796 64 21 1 75
stat: 797 64 21 2 25
stat: 797 64 21 2.90625 50
stat: 797 64 21 1 75
stat: 798 64 21 2 25
stat: 798 64 21 1 50
stat: 798 64 21 1 75
stat: 799 64 21 2 25
stat: 799 64 21 2.34375 50
stat: 799 64 21 1 75
stat: 800 64 21 2 25
stat: 800 64 21 2.75 50
stat: 800 64 21 1 75
stat: 801 64 21 2 25
stat: 801 64 21 2.625 50
stat: 801 64 21 1 75
stat: 802 64 21 2 25
stat: 802 64 21 2.40625 50
stat: 802 64 21 1 75
stat: 803 64 21 2 25
stat: 803 64 21 2.34375 50
stat: 803 64 21 1 75
stat: 804 64 21 2 25
stat: 804 64 21 2.65625 50
stat: 804 64 21 1 75
stat: 805 64 21 2 25
stat: 805 64 21 2.5625 50
stat: 805 64 21 1 75
stat: 806 64 21 2 25
stat: 806 64 21 2.625 50
stat: 806 64 21 1 75
stat: 807 64 21 2 25
stat: 807 64 21 2.5625 50
stat: 807 64 21 1 75
stat: 808 64 21 2 25
stat: 808 64 21 2.3125 50
stat: 808 64 21 1 75
stat: 809 64 21 2 25
stat: 809 64 21 2.34375 50
stat: 809 64 21 1 75
stat: 810 64 21 2 25
stat: 810 64 21 2.78125 50
stat: 810 64 21 1 75
stat: 811 64 21 2 25
stat: 811 64 21 3 50
stat: 811 64 21 1 75
stat: 812 64 21 2 25
stat: 812 64 21 1 50
stat: 812 64 21 1 75
stat: 813 64 21 2 25
stat: 813 64 21 3 50
stat: 813 64 21 1 75
stat: 814 64 21 2 25
stat: 814 64 21 3 50
stat: 814 64 21 1 75
stat: 815 64 21 2 25
stat: 815 64 21 3 50
stat: 815 64 21 1 75
stat: 816 64 21 2 25
stat: 816 64 21 2.3125 50
stat: 816 64 21 1 75
stat: 817 64 21 2 25
stat: 817 64 21 3 50
stat: 817 64 21 1 75
stat: 818 64 21 2 25
stat: 818 64 21 2.53125 50
stat: 818 64 21 1 75
stat: 819 64 21 2 25
stat: 819 64 21 2.5625 50
stat: 819 64 21 1 75
stat: 820 64 21 2 25
stat: 820 64 21 1 50
stat: 820 64 21 1 75
stat: 821 64 21 2 25
stat: 821 64 21 2.375 50
stat: 821 64 21 1 75
stat: 822 64 21 2 25
stat: 822 64 21 3 50
stat: 822 64 21 1 75
stat: 823 64 21 2 25
stat: 823 64 21 2.4375 50
stat: 823 64 21 1 75
stat: 824 64 21 2 25
stat: 824 64 21 2.40625 50
stat: 824 64 21 1 75
stat: 825 64 21 2 25
stat: 825 64 21 3 50
stat: 825 64 21 1 75
stat: 826 64 21 2 25
stat: 826 64 21 2.40625 50
stat: 826 64 21 1 75
stat: 827 64 21 2 25
stat: 827 64 21 2.5625 50
stat: 827 64 21 1 75
stat: 828 64 21 2 25
stat: 828 64 21 2.53125 50
stat: 828 64 21 1 75
stat: 829 64 21 2 25
stat: 829 64 21 3 50
stat: 829 64 21 1 75
stat: 830 64 21 2 25
stat: 830 64 21 3 50
stat: 830 64 21 1 75
stat: 831 64 21 2 25
stat: 831 64 21 2.59375 50
stat: 831 64 21 1 75
stat: 832 64 21 2 25
stat: 832 64 21 3 50
stat: 832 64 21 1 75
stat: 833 64 21 2 25
stat: 833 64 21 2.625 50
stat: 833 64 21 1 75
stat: 834 64 21 2 25
stat: 834 64 21 2.625 50
stat: 834 64 21 1 75
stat: 835 64 21 2 25
stat: 835 64 21 1 50
stat: 835 64 21 1 75
stat: 836 64 21 2 25
stat: 836 64 21 2.6875 50
stat: 836 64 21 1 75
stat: 837 64 21 2 25
stat: 837 64 21 2.59375 50
stat: 837 64 21 1 75
stat: 838 64 21 2 25
stat: 838 64 21 1 50
stat: 838 64 21 1 75
stat: 839 64 21 2 25
stat: 839 64 21 2.8125 50
stat: 839 64 21 1 75
stat: 840 64 21 2 25
stat: 840 64 21 2.5 50
stat: 840 64 21 1 75
stat: 841 64 21 2 25
stat: 841 64 21 3 50
stat: 841 64 21 1 75
stat: 842 64 21 2 25
stat: 842 64 21 1 50
stat: 842 64 21 1 75
stat: 843 64 21 2 25
stat: 843 64 21 2.5 50
stat: 843 64 21 1 75
stat: 844 64 21 2 25
stat: 844 64 21 1 50
stat: 844 64 21 1 75
stat: 845 64 21 2 25
stat: 845 64 21 2.5 50
stat: 845 64 21 1 75
stat: 846 64 21 2 25
stat: 846 64 21 2 50
stat: 846 64 21 1 75
stat: 847 64 21 2 25
stat: 847 64 21 2.34375 50
stat: 847 64 21 1 75
stat: 848 64 21 2 25
stat: 848 64 21 2.53125 50
stat: 848 64 21 1 75
stat: 849 64 21 2 25
stat: 849 64 21 2.5 50
stat: 849 64 21 1 75
stat: 850 64 21 2 25
stat: 850 64 21 2.34375 50
stat: 850 64 21 1 75
stat: 851 64 21 2 25
stat: 851 64 21 2.59375 50
stat: 851 64 21 1 75
stat: 852 64 21 2 25
stat: 852 64 21 2.375 50
stat: 852 64 21 1 75
stat: 853 64 21 2 25
stat: 853 64 21 1 50
stat: 853 64 21 1 75
stat: 854 64 21 2 25
stat: 854 64 21 2.8125 50
stat: 854 64 21 1 75
stat: 855 64 21 2 25
stat: 855 64 21 3 50
stat: 855 64 21 1 75
stat: 856 64 21 2 25
stat: 856 64 21 1 50
stat: 856 64 21 1 75
stat: 857 64 21 2 25
stat: 857 64 21 3 50
stat: 857 64 21 1 75
stat: 858 64 21 2 25
stat: 858 64 21 3 50
stat: 858 64 21 1 75
stat: 859 64 21 2 25
stat: 859 64 21 2.4375 50
stat: 859 64 21 1 75
stat: 860 64 21 2 25
stat: 860 64 21 2.375 50
stat: 860 64 21 1 75
stat: 861 64 21 2 25
stat: 861 64 21 2.375 50
stat: 861 64 21 1 75
stat: 862 64 21 2 25
stat: 862 64 21 2.46875 50
stat: 862 64 21 1 75
stat: 863 64 21 2 25
stat: 863 64 21 2.59375 50
stat: 863 64 21 1 75
stat: 864 64 21 2 25
stat: 864 64 21 3 50
stat: 864 64 21 1 75
stat: 865 64 21 2 25
stat: 865 64 21 1 50
stat: 865 64 21 1 75
stat: 866 64 21 2 25
stat: 866 64 21 2.5625 50
stat: 866 64 21 1 75
stat: 867 64 21 2 25
stat: 867 64 21 2.65625 50
stat: 867 64 21 1 75
stat: 868 64 21 2 25
stat: 868 64 21 3 50
stat: 868 64 21 1 75
stat: 869 64 21 2 25
stat: 869 64 21 2.53125 50
stat: 869 64 21 1 75
stat: 870 64 21 2 25
stat: 870 64 21 1 50
stat: 870 64 21 1 75
stat: 871 64 21 2 25
stat: 871 64 21 2.78125 50
stat: 871 64 21 1 75
stat: 872 64 21 2 25
stat: 872 64 21 2.40625 50
stat: 872 64 21 1 75
stat: 873 64 21 2 25
stat: 873 64 21 3 50
stat: 873 64 21 1 75
stat: 874 64 21 2 25
stat: 874 64 21 2.65625 50
stat: 874 64 21 1 75
stat: 875 64 21 2 25
stat: 875 64 21 1 50
stat: 875 64 21 1 75
stat: 876 64 21 2 25
stat: 876 64 21 3 50
stat: 876 64 21 1 75
stat: 877 64 21 2 25
stat: 877 64 21 3 50
stat: 877 64 21 1 75
stat: 878 64 21 2 25
stat: 878 64 21 1 50
stat: 878 64 21 1 75
stat: 879 64 21 2 25
stat: 879 64 21 3 50
stat: 879 64 21 1 75
stat: 880 64 21 2 25
stat: 880 64 21 2.28125 50
stat: 880 64 21 1 75
stat: 881 64 21 2 25
stat: 881 64 21 2.46875 50
stat: 881 64 21 1 75
stat: 882 64 21 2 25
stat: 882 64 21 2.59375 50
stat: 882 64 21 1 75
stat: 883 64 21 2 25
stat: 883 64 21 2.53125 50
stat: 883 64 21 1 75
stat: 884 64 21 2 25
stat: 884 64 21 1 50
stat: 884 64 21 1 75
stat: 885 64 21 2 25
stat: 885 64 21 2.375 50
stat: 885 64 21 1 75
stat: 886 64 21 2 25
stat: 886 64 21 3 50
stat: 886 64 21 1 75
stat: 887 64 21 2 25
stat: 887 64 21 1 50
stat: 887 64 21 1 75
stat: 888 64 21 2 25
stat: 888 64 21 1 50
stat: 888 64 21 1 75
stat: 889 64 21 2 25
stat: 889 64 21 2 50
stat: 889 64 21 1 75
stat: 890 64 21 2 25
stat: 890 64 21 3 50
stat: 890 64 21 1 75
stat: 891 64 21 2 25
stat: 891 64 21 2.4375 50
stat: 891 64 21 1 75
stat: 892 64 21 2 25
stat: 892 64 21 2.53125 50
stat: 892 64 21 1 75
stat: 893 64 21 2 25
stat: 893 64 21 2.53125 50
stat: 893 64 21 1 75
stat: 894 64 21 2 25
stat: 894 64 21 2.375 50
stat: 894 64 21 1 75
stat: 895 64 21 2 25
stat: 895 64 21 3 50
stat: 895 64 21 1 75
stat: 896 64 21 2 25
stat: 896 64 21 3 50
stat: 896 64 21 1 75
stat: 897 64 21 2 25
stat: 897 64 21 1 50
stat: 897 64 21 1 75
stat: 898 64 21 2 25
stat: 898 64 21 3 50
stat: 898 64 21 1 75
stat: 899 64 21 2 25
stat: 899 64 21 1 50
stat: 899 64 21 1 75
stat: 900 64 21 2 25
stat: 900 64 21 3 50
stat: 900 64 21 1 75
stat: 901 64 21 2 25
stat: 901 64 21 2.625 50
stat: 901 64 21 1 75
stat: 902 64 21 2 25
stat: 902 64 21 2.5625 50
stat: 902 64 21 1 75
stat: 903 64 21 2 25
stat: 903 64 21 2.46875 50
stat: 903 64 21 1 75
stat: 904 64 21 2 25
stat: 904 64 21 2.65625 50
stat: 904 64 21 1 75
stat: 905 64 21 2 25
stat: 905 64 21 1 50
stat: 905 64 21 1 75
stat: 906 64 21 2 25
stat: 906 64 21 2.65625 50
stat: 906 64 21 1 75
stat: 907 64 21 2 25
stat: 907 64 21 2.71875 50
stat: 907 64 21 1 75
stat: 908 64 21 2 25
stat: 908 64 21 2.40625 50
stat: 908 64 21 1 75
stat: 909 64 21 2 25
stat: 909 64 21 2.59375 50
stat: 909 64 21 1 75
stat: 910 64 21 2 25
stat: 910 64 21 1 50
stat: 910 64 21 1 75
stat: 911 64 21 2 25
stat: 911 64 21 1 50
stat: 911 64 21 1 75
stat: 912 64 21 2 25
stat: 912 64 21 2.46875 50
stat: 912 64 21 1 75
stat: 913 64 21 2 25
stat: 913 64 21 2.71875 50
stat: 913 64 21 1 75
stat: 914 64 21 2 25
stat: 914 64 21 2.5625 50
stat: 914 64 21 1 75
stat: 915 64 21 2 25
stat: 915 64 21 2 50
stat: 915 64 21 1 75
stat: 916 64 21 2 25
stat: 916 64 21 3 50
stat: 916 64 21 1 75
stat: 917 64 21 2 25
stat: 917 64 21 2.5625 50
stat: 917 64 21 1 75
stat: 918 64 21 2 25
stat: 918 64 21 1 50
stat: 918 64 21 1 75
stat: 919 64 21 2 25
stat: 919 64 21 2.40625 50
stat: 919 64 21 1 75
stat: 920 64 21 2 25
stat: 920 64 21 2.28125 50
stat: 920 64 21 1 75
stat: 921 64 21 2 25
stat: 921 64 21 2.59375 50
stat: 921 64 21 1 75
stat: 922 64 21 2 25
stat: 922 64 21 2.65625 50
stat: 922 64 21 1 75
stat: 923 64 21 2 25
stat: 923 64 21 2.5 50
stat: 923 64 21 1 75
stat: 924 64 21 2 25
stat: 924 64 21 1 50
stat: 924 64 21 1 75
stat: 925 64 21 2 25
stat: 925 64 21 2.4375 50
stat: 925 64 21 1 75
stat: 926 64 21 2 25
stat: 926 64 21 2.375 50
stat: 926 64 21 1 75
stat: 927 64 21 2 25
stat: 927 64 21 2.53125 50
stat: 927 64 21 1 75
stat: 928 64 21 2 25
stat: 928 64 21 3 50
stat: 928 64 21 1 75
stat: 929 64 21 2 25
stat: 929 64 21 3 50
stat: 929 64 21 1 75
stat: 930 64 21 2 25
stat: 930 64 21 2.375 50
stat: 930 64 21 1 75
stat: 931 64 21 2 25
stat: 931 64 21 3 50
stat: 931 64 21 1 75
stat: 932 64 21 2 25
stat: 932 64 21 3 50
stat: 932 64 21 1 75
stat: 933 64 21 2 25
stat: 933 64 21 1 50
stat: 933 64 21 1 75
stat: 934 64 21 2 25
stat: 934 64 21 2.5625 50
stat: 934 64 21 1 75
stat: 935 64 21 2 25
stat: 935 64 21 2.53125 50
stat: 935 64 21 1 75
stat: 936 64 21 2 25
stat: 936 64 21 2.625 50
stat: 936 64 21 1 75
stat: 937 64 21 2 25
stat: 937 64 21 2.40625 50
stat: 937 64 21 1 75
stat: 938 64 21 2 25
stat: 938 64 21 1 50
stat: 938 64 21 1 75
stat: 939 64 21 2 25
stat: 939 64 21 1 50
stat: 939 64 21 1 75
stat: 940 64 21 2 25
stat: 940 64 21 2.5625 50
stat: 940 64 21 1 75
stat: 941 64 21 2 25
stat: 941 64 21 2.5 50
stat: 941 64 21 1 75
stat: 942 64 21 2 25
stat: 942 64 21 1 50
stat: 942 64 21 1 75
stat: 943 64 21 2 25
stat: 943 64 21 2.625 50
stat: 943 64 21 1 75
stat: 944 64 21 2 25
stat: 944 64 21 3 50
stat: 944 64 21 1 75
stat: 945 64 21 2 25
stat: 945 64 21 2.4375 50
stat: 945 64 21 1 75
stat: 946 64 21 2 25
stat: 946 64 21 2.5 50
stat: 946 64 21 1 75
stat: 947 64 21 2 25
stat: 947 64 21 2 50
stat: 947 64 21 1 75
stat: 948 64 21 2 25
stat: 948 64 21 2.46875 50
stat: 948 64 21 1 75
stat: 949 64 21 2 25
stat: 949 64 21 1 50
stat: 949 64 21 1 75
stat: 950 64 21 2 25
stat: 950 64 21 3 50
stat: 950 64 21 1 75
stat: 951 64 21 2 25
stat: 951 64 21 1 50
stat: 951 64 21 1 75
stat: 952 64 21 2 25
stat: 952 64 21 2.53125 50
stat: 952 64 21 1 75
stat: 953 64 21 2 25
stat: 953 64 21 3 50
stat: 953 64 21 1 75
stat: 954 64 21 2 25
stat: 954 64 21 2.5 50
stat: 954 64 21 1 75
stat: 955 64 21 2 25
stat: 955 64 21 2.875 50
stat: 955 64 21 1 75
stat: 956 64 21 2 25
stat: 956 64 21 1 50
stat: 956 64 21 1 75
stat: 957 64 21 2 25
stat: 957 64 21 3 50
stat: 957 64 21 1 75
stat: 958 64 21 2 25
stat: 958 64 21 3 50
stat: 958 64 21 1 75
stat: 959 64 21 2 25
stat: 959 64 21 2.53125 50
stat: 959 64 21 1 75
stat: 960 64 21 2 25
stat: 960 64 21 2.4375 50
stat: 960 64 21 1 75
stat: 961 64 21 2 25
stat: 961 64 21 2.625 50
stat: 961 64 21 1 75
stat: 962 64 21 2 25
stat: 962 64 21 3 50
stat: 962 64 21 1 75
stat: 963 64 21 2 25
stat: 963 64 21 2.53125 50
stat: 963 64 21 1 75
stat: 964 64 21 2 25
stat: 964 64 21 2.53125 50
stat: 964 64 21 1 75
stat: 965 64 21 2 25
stat: 965 64 21 3 50
stat: 965 64 21 1 75
stat: 966 64 21 2 25
stat: 966 64 21 1 50
stat: 966 64 21 1 75
stat: 967 64 21 2 25
stat: 967 64 21 2.5 50
stat: 967 64 21 1 75
stat: 968 64 21 2 25
stat: 968 64 21 1 50
stat: 968 64 21 1 75
stat: 969 64 21 2 25
stat: 969 64 21 2.65625 50
stat: 969 64 21 1 75
stat: 970 64 21 2 25
stat: 970 64 21 1 50
stat: 970 64 21 1 75
stat: 971 64 21 2 25
stat: 971 64 21 2.65625 50
stat: 971 64 21 1 75
stat: 972 64 21 2 25
stat: 972 64 21 2.625 50
stat: 972 64 21 1 75
stat: 973 64 21 2 25
stat: 973 64 21 2.625 50
stat: 973 64 21 1 75
stat: 974 64 21 2 25
stat: 974 64 21 2.625 50
stat: 974 64 21 1 75
stat: 975 64 21 2 25
stat: 975 64 21 2.59375 50
stat: 975 64 21 1 75
stat: 976 64 21 2 25
stat: 976 64 21 2.5625 50
stat: 976 64 21 1 75
stat: 977 64 21 2 25
stat: 977 64 21 1 50
stat: 977 64 21 1 75
stat: 978 64 21 2 25
stat: 978 64 21 2.4375 50
stat: 978 64 21 1 75
stat: 979 64 21 2 25
stat: 979 64 21 3 50
stat: 979 64 21 1 75
stat: 980 64 21 2 25
stat: 980 64 21 2.5625 50
stat: 980 64 21 1 75
stat: 981 64 21 2 25
stat: 981 64 21 2.46875 50
stat: 981 64 21 1 75
stat: 982 64 21 2 25
stat: 982 64 21 3 50
stat: 982 64 21 1 75
stat: 983 64 21 2 25
stat: 983 64 21 1 50
stat: 983 64 21 1 75
stat: 984 64 21 2 25
stat: 984 64 21 2.65625 50
stat: 984 64 21 1 75
stat: 985 64 21 2 25
stat: 985 64 21 3 50
stat: 985 64 21 1 75
stat: 986 64 21 2 25
stat: 986 64 21 2.375 50
stat: 986 64 21 1 75
stat: 987 64 21 2 25
stat: 987 64 21 1 50
stat: 987 64 21 1 75
stat: 988 64 21 2 25
stat: 988 64 21 2.6875 50
stat: 988 64 21 1 75
stat: 989 64 21 2 25
stat: 989 64 21 3 50
stat: 989 64 21 1 75
stat: 990 64 21 2 25
stat: 990 64 21 2.59375 50
stat: 990 64 21 1 75
stat: 991 64 21 2 25
stat: 991 64 21 2.4375 50
stat: 991 64 21 1 75
stat: 992 64 21 2 25
stat: 992 64 21 2.71875 50
stat: 992 64 21 1 75
stat: 993 64 21 2 25
stat: 993 64 21 1 50
stat: 993 64 21 1 75
stat: 994 64 21 2 25
stat: 994 64 21 2.53125 50
stat: 994 64 21 1 75
stat: 995 64 21 2 25
stat: 995 64 21 2.96875 50
stat: 995 64 21 1 75
stat: 996 64 21 2 25
stat: 996 64 21 2.96875 50
stat: 996 64 21 1 75
stat: 997 64 21 2 25
stat: 997 64 21 2.53125 50
stat: 997 64 21 1 75
stat: 998 64 21 2 25
stat: 998 64 21 2.59375 50
stat: 998 64 21 1 75
stat: 999 64 21 2 25
stat: 999 64 21 2.9375 50
stat: 999 64 21 1 75
stat: 1000 64 21 2 25
stat: 1000 64 21 3 50
stat: 1000 64 21 1 75

PASSED

